Namespace(data_dir='./data/', output_dir='output/', data_name='Beauty', do_eval=False, ckp=0, num_split=6, hidden_size=64, num_hidden_layers=2, hidden_act='gelu', hidden_dropout_prob=0.5, initializer_range=0.02, max_seq_length=50, backbone='SASRec', num_attention_heads=2, attention_probs_dropout_prob=0.5, d_state=32, d_conv=4, expand=2, embedding_size=64, num_TTT_heads=4, mini_batch_size=16, rope_theta=10000, lr=0.001, batch_size=1024, epochs=500, no_cuda=False, log_freq=1, seed=42, weight_decay=0.0, adam_beta1=0.9, adam_beta2=0.999, gpu_id='0', N=100, M=10, neg_sampler='DNS', loss_type='BCE', CL_type='Radical', start_epoch=0, K=0.05, cuda_condition=True, data_file='./data/Beauty', item_size=12103, log_file='output/SASRec-Beauty-0.txt')
neg_sampler:  DNS
Total Parameters: 877888
{'epoch': 0, 'loss': '1.4602'}
{'Epoch': 0, 'HIT@5': '0.0114', 'NDCG@5': '0.0063', 'HIT@10': '0.0152', 'NDCG@10': '0.0075', 'HIT@20': '0.0259', 'NDCG@20': '0.0102'}
Validation score increased.  Saving model ...
{'epoch': 1, 'loss': '1.4144'}
{'Epoch': 1, 'HIT@5': '0.0092', 'NDCG@5': '0.0052', 'HIT@10': '0.0181', 'NDCG@10': '0.0080', 'HIT@20': '0.0255', 'NDCG@20': '0.0098'}
EarlyStopping counter: 1 out of 50
{'epoch': 2, 'loss': '1.3904'}
{'Epoch': 2, 'HIT@5': '0.0143', 'NDCG@5': '0.0079', 'HIT@10': '0.0255', 'NDCG@10': '0.0115', 'HIT@20': '0.0414', 'NDCG@20': '0.0154'}
Validation score increased.  Saving model ...
{'epoch': 3, 'loss': '1.3587'}
{'Epoch': 3, 'HIT@5': '0.0199', 'NDCG@5': '0.0117', 'HIT@10': '0.0333', 'NDCG@10': '0.0160', 'HIT@20': '0.0546', 'NDCG@20': '0.0214'}
Validation score increased.  Saving model ...
{'epoch': 4, 'loss': '1.3376'}
{'Epoch': 4, 'HIT@5': '0.0226', 'NDCG@5': '0.0139', 'HIT@10': '0.0338', 'NDCG@10': '0.0175', 'HIT@20': '0.0548', 'NDCG@20': '0.0228'}
Validation score increased.  Saving model ...
{'epoch': 5, 'loss': '1.3177'}
{'Epoch': 5, 'HIT@5': '0.0259', 'NDCG@5': '0.0171', 'HIT@10': '0.0382', 'NDCG@10': '0.0210', 'HIT@20': '0.0590', 'NDCG@20': '0.0262'}
Validation score increased.  Saving model ...
{'epoch': 6, 'loss': '1.2940'}
{'Epoch': 6, 'HIT@5': '0.0253', 'NDCG@5': '0.0174', 'HIT@10': '0.0425', 'NDCG@10': '0.0229', 'HIT@20': '0.0628', 'NDCG@20': '0.0280'}
Validation score increased.  Saving model ...
{'epoch': 7, 'loss': '1.2729'}
{'Epoch': 7, 'HIT@5': '0.0259', 'NDCG@5': '0.0177', 'HIT@10': '0.0429', 'NDCG@10': '0.0231', 'HIT@20': '0.0637', 'NDCG@20': '0.0284'}
Validation score increased.  Saving model ...
{'epoch': 8, 'loss': '1.2548'}
{'Epoch': 8, 'HIT@5': '0.0271', 'NDCG@5': '0.0174', 'HIT@10': '0.0454', 'NDCG@10': '0.0233', 'HIT@20': '0.0671', 'NDCG@20': '0.0287'}
Validation score increased.  Saving model ...
{'epoch': 9, 'loss': '1.2414'}
{'Epoch': 9, 'HIT@5': '0.0286', 'NDCG@5': '0.0190', 'HIT@10': '0.0445', 'NDCG@10': '0.0240', 'HIT@20': '0.0716', 'NDCG@20': '0.0308'}
Validation score increased.  Saving model ...
{'epoch': 10, 'loss': '1.2305'}
{'Epoch': 10, 'HIT@5': '0.0315', 'NDCG@5': '0.0212', 'HIT@10': '0.0465', 'NDCG@10': '0.0259', 'HIT@20': '0.0698', 'NDCG@20': '0.0319'}
Validation score increased.  Saving model ...
{'epoch': 11, 'loss': '1.2215'}
{'Epoch': 11, 'HIT@5': '0.0320', 'NDCG@5': '0.0210', 'HIT@10': '0.0479', 'NDCG@10': '0.0260', 'HIT@20': '0.0745', 'NDCG@20': '0.0327'}
Validation score increased.  Saving model ...
{'epoch': 12, 'loss': '1.2128'}
{'Epoch': 12, 'HIT@5': '0.0282', 'NDCG@5': '0.0193', 'HIT@10': '0.0454', 'NDCG@10': '0.0248', 'HIT@20': '0.0760', 'NDCG@20': '0.0325'}
EarlyStopping counter: 1 out of 50
{'epoch': 13, 'loss': '1.2056'}
{'Epoch': 13, 'HIT@5': '0.0297', 'NDCG@5': '0.0200', 'HIT@10': '0.0492', 'NDCG@10': '0.0263', 'HIT@20': '0.0785', 'NDCG@20': '0.0337'}
Validation score increased.  Saving model ...
{'epoch': 14, 'loss': '1.1996'}
{'Epoch': 14, 'HIT@5': '0.0318', 'NDCG@5': '0.0214', 'HIT@10': '0.0521', 'NDCG@10': '0.0279', 'HIT@20': '0.0796', 'NDCG@20': '0.0349'}
Validation score increased.  Saving model ...
{'epoch': 15, 'loss': '1.1935'}
{'Epoch': 15, 'HIT@5': '0.0304', 'NDCG@5': '0.0207', 'HIT@10': '0.0496', 'NDCG@10': '0.0268', 'HIT@20': '0.0823', 'NDCG@20': '0.0349'}
Validation score increased.  Saving model ...
{'epoch': 16, 'loss': '1.1870'}
{'Epoch': 16, 'HIT@5': '0.0309', 'NDCG@5': '0.0210', 'HIT@10': '0.0472', 'NDCG@10': '0.0263', 'HIT@20': '0.0796', 'NDCG@20': '0.0344'}
EarlyStopping counter: 1 out of 50
{'epoch': 17, 'loss': '1.1854'}
{'Epoch': 17, 'HIT@5': '0.0320', 'NDCG@5': '0.0219', 'HIT@10': '0.0530', 'NDCG@10': '0.0286', 'HIT@20': '0.0827', 'NDCG@20': '0.0362'}
Validation score increased.  Saving model ...
{'epoch': 18, 'loss': '1.1808'}
{'Epoch': 18, 'HIT@5': '0.0347', 'NDCG@5': '0.0227', 'HIT@10': '0.0537', 'NDCG@10': '0.0288', 'HIT@20': '0.0803', 'NDCG@20': '0.0355'}
EarlyStopping counter: 1 out of 50
{'epoch': 19, 'loss': '1.1765'}
{'Epoch': 19, 'HIT@5': '0.0358', 'NDCG@5': '0.0235', 'HIT@10': '0.0510', 'NDCG@10': '0.0285', 'HIT@20': '0.0852', 'NDCG@20': '0.0372'}
Validation score increased.  Saving model ...
{'epoch': 20, 'loss': '1.1707'}
{'Epoch': 20, 'HIT@5': '0.0360', 'NDCG@5': '0.0235', 'HIT@10': '0.0555', 'NDCG@10': '0.0297', 'HIT@20': '0.0859', 'NDCG@20': '0.0374'}
Validation score increased.  Saving model ...
{'epoch': 21, 'loss': '1.1688'}
{'Epoch': 21, 'HIT@5': '0.0358', 'NDCG@5': '0.0238', 'HIT@10': '0.0552', 'NDCG@10': '0.0300', 'HIT@20': '0.0892', 'NDCG@20': '0.0386'}
Validation score increased.  Saving model ...
{'epoch': 22, 'loss': '1.1654'}
{'Epoch': 22, 'HIT@5': '0.0400', 'NDCG@5': '0.0260', 'HIT@10': '0.0595', 'NDCG@10': '0.0322', 'HIT@20': '0.0874', 'NDCG@20': '0.0392'}
Validation score increased.  Saving model ...
{'epoch': 23, 'loss': '1.1605'}
{'Epoch': 23, 'HIT@5': '0.0351', 'NDCG@5': '0.0233', 'HIT@10': '0.0579', 'NDCG@10': '0.0306', 'HIT@20': '0.0897', 'NDCG@20': '0.0385'}
EarlyStopping counter: 1 out of 50
{'epoch': 24, 'loss': '1.1563'}
{'Epoch': 24, 'HIT@5': '0.0380', 'NDCG@5': '0.0251', 'HIT@10': '0.0593', 'NDCG@10': '0.0320', 'HIT@20': '0.0917', 'NDCG@20': '0.0401'}
Validation score increased.  Saving model ...
{'epoch': 25, 'loss': '1.1529'}
{'Epoch': 25, 'HIT@5': '0.0315', 'NDCG@5': '0.0212', 'HIT@10': '0.0555', 'NDCG@10': '0.0288', 'HIT@20': '0.0903', 'NDCG@20': '0.0376'}
EarlyStopping counter: 1 out of 50
{'epoch': 26, 'loss': '1.1518'}
{'Epoch': 26, 'HIT@5': '0.0344', 'NDCG@5': '0.0219', 'HIT@10': '0.0561', 'NDCG@10': '0.0289', 'HIT@20': '0.0950', 'NDCG@20': '0.0387'}
EarlyStopping counter: 2 out of 50
{'epoch': 27, 'loss': '1.1474'}
{'Epoch': 27, 'HIT@5': '0.0385', 'NDCG@5': '0.0259', 'HIT@10': '0.0588', 'NDCG@10': '0.0324', 'HIT@20': '0.0906', 'NDCG@20': '0.0404'}
Validation score increased.  Saving model ...
{'epoch': 28, 'loss': '1.1434'}
{'Epoch': 28, 'HIT@5': '0.0376', 'NDCG@5': '0.0253', 'HIT@10': '0.0586', 'NDCG@10': '0.0320', 'HIT@20': '0.0946', 'NDCG@20': '0.0411'}
Validation score increased.  Saving model ...
{'epoch': 29, 'loss': '1.1414'}
{'Epoch': 29, 'HIT@5': '0.0376', 'NDCG@5': '0.0250', 'HIT@10': '0.0593', 'NDCG@10': '0.0320', 'HIT@20': '0.0962', 'NDCG@20': '0.0413'}
Validation score increased.  Saving model ...
{'epoch': 30, 'loss': '1.1379'}
{'Epoch': 30, 'HIT@5': '0.0385', 'NDCG@5': '0.0251', 'HIT@10': '0.0590', 'NDCG@10': '0.0316', 'HIT@20': '0.0912', 'NDCG@20': '0.0398'}
EarlyStopping counter: 1 out of 50
{'epoch': 31, 'loss': '1.1346'}
{'Epoch': 31, 'HIT@5': '0.0371', 'NDCG@5': '0.0251', 'HIT@10': '0.0606', 'NDCG@10': '0.0326', 'HIT@20': '0.0932', 'NDCG@20': '0.0408'}
EarlyStopping counter: 2 out of 50
{'epoch': 32, 'loss': '1.1350'}
{'Epoch': 32, 'HIT@5': '0.0358', 'NDCG@5': '0.0245', 'HIT@10': '0.0593', 'NDCG@10': '0.0320', 'HIT@20': '0.0903', 'NDCG@20': '0.0398'}
EarlyStopping counter: 3 out of 50
{'epoch': 33, 'loss': '1.1310'}
{'Epoch': 33, 'HIT@5': '0.0378', 'NDCG@5': '0.0252', 'HIT@10': '0.0608', 'NDCG@10': '0.0327', 'HIT@20': '0.0930', 'NDCG@20': '0.0407'}
EarlyStopping counter: 4 out of 50
{'epoch': 34, 'loss': '1.1286'}
{'Epoch': 34, 'HIT@5': '0.0353', 'NDCG@5': '0.0234', 'HIT@10': '0.0597', 'NDCG@10': '0.0313', 'HIT@20': '0.0959', 'NDCG@20': '0.0403'}
EarlyStopping counter: 5 out of 50
{'epoch': 35, 'loss': '1.1265'}
{'Epoch': 35, 'HIT@5': '0.0380', 'NDCG@5': '0.0255', 'HIT@10': '0.0615', 'NDCG@10': '0.0331', 'HIT@20': '0.0950', 'NDCG@20': '0.0416'}
Validation score increased.  Saving model ...
{'epoch': 36, 'loss': '1.1264'}
{'Epoch': 36, 'HIT@5': '0.0394', 'NDCG@5': '0.0264', 'HIT@10': '0.0624', 'NDCG@10': '0.0337', 'HIT@20': '0.0948', 'NDCG@20': '0.0418'}
Validation score increased.  Saving model ...
{'epoch': 37, 'loss': '1.1224'}
{'Epoch': 37, 'HIT@5': '0.0364', 'NDCG@5': '0.0242', 'HIT@10': '0.0595', 'NDCG@10': '0.0316', 'HIT@20': '0.0917', 'NDCG@20': '0.0397'}
EarlyStopping counter: 1 out of 50
{'epoch': 38, 'loss': '1.1170'}
{'Epoch': 38, 'HIT@5': '0.0387', 'NDCG@5': '0.0260', 'HIT@10': '0.0617', 'NDCG@10': '0.0333', 'HIT@20': '0.0982', 'NDCG@20': '0.0425'}
Validation score increased.  Saving model ...
{'epoch': 39, 'loss': '1.1169'}
{'Epoch': 39, 'HIT@5': '0.0400', 'NDCG@5': '0.0270', 'HIT@10': '0.0624', 'NDCG@10': '0.0342', 'HIT@20': '0.0964', 'NDCG@20': '0.0427'}
Validation score increased.  Saving model ...
{'epoch': 40, 'loss': '1.1144'}
{'Epoch': 40, 'HIT@5': '0.0389', 'NDCG@5': '0.0256', 'HIT@10': '0.0631', 'NDCG@10': '0.0334', 'HIT@20': '0.0955', 'NDCG@20': '0.0415'}
EarlyStopping counter: 1 out of 50
{'epoch': 41, 'loss': '1.1128'}
{'Epoch': 41, 'HIT@5': '0.0391', 'NDCG@5': '0.0259', 'HIT@10': '0.0617', 'NDCG@10': '0.0333', 'HIT@20': '0.0935', 'NDCG@20': '0.0413'}
EarlyStopping counter: 2 out of 50
{'epoch': 42, 'loss': '1.1108'}
{'Epoch': 42, 'HIT@5': '0.0434', 'NDCG@5': '0.0283', 'HIT@10': '0.0646', 'NDCG@10': '0.0350', 'HIT@20': '0.0964', 'NDCG@20': '0.0429'}
Validation score increased.  Saving model ...
{'epoch': 43, 'loss': '1.1077'}
{'Epoch': 43, 'HIT@5': '0.0432', 'NDCG@5': '0.0287', 'HIT@10': '0.0644', 'NDCG@10': '0.0356', 'HIT@20': '0.0939', 'NDCG@20': '0.0429'}
EarlyStopping counter: 1 out of 50
{'epoch': 44, 'loss': '1.1049'}
{'Epoch': 44, 'HIT@5': '0.0405', 'NDCG@5': '0.0259', 'HIT@10': '0.0613', 'NDCG@10': '0.0327', 'HIT@20': '0.0937', 'NDCG@20': '0.0408'}
EarlyStopping counter: 2 out of 50
{'epoch': 45, 'loss': '1.1057'}
{'Epoch': 45, 'HIT@5': '0.0420', 'NDCG@5': '0.0275', 'HIT@10': '0.0637', 'NDCG@10': '0.0345', 'HIT@20': '0.0953', 'NDCG@20': '0.0424'}
EarlyStopping counter: 3 out of 50
{'epoch': 46, 'loss': '1.1032'}
{'Epoch': 46, 'HIT@5': '0.0418', 'NDCG@5': '0.0285', 'HIT@10': '0.0642', 'NDCG@10': '0.0357', 'HIT@20': '0.0948', 'NDCG@20': '0.0435'}
Validation score increased.  Saving model ...
{'epoch': 47, 'loss': '1.0998'}
{'Epoch': 47, 'HIT@5': '0.0398', 'NDCG@5': '0.0262', 'HIT@10': '0.0626', 'NDCG@10': '0.0335', 'HIT@20': '0.0977', 'NDCG@20': '0.0423'}
EarlyStopping counter: 1 out of 50
{'epoch': 48, 'loss': '1.0987'}
{'Epoch': 48, 'HIT@5': '0.0389', 'NDCG@5': '0.0266', 'HIT@10': '0.0624', 'NDCG@10': '0.0342', 'HIT@20': '0.0941', 'NDCG@20': '0.0421'}
EarlyStopping counter: 2 out of 50
{'epoch': 49, 'loss': '1.0952'}
{'Epoch': 49, 'HIT@5': '0.0396', 'NDCG@5': '0.0269', 'HIT@10': '0.0680', 'NDCG@10': '0.0360', 'HIT@20': '0.0986', 'NDCG@20': '0.0437'}
Validation score increased.  Saving model ...
{'epoch': 50, 'loss': '1.0964'}
{'Epoch': 50, 'HIT@5': '0.0416', 'NDCG@5': '0.0271', 'HIT@10': '0.0651', 'NDCG@10': '0.0347', 'HIT@20': '0.0968', 'NDCG@20': '0.0428'}
EarlyStopping counter: 1 out of 50
{'epoch': 51, 'loss': '1.0949'}
{'Epoch': 51, 'HIT@5': '0.0425', 'NDCG@5': '0.0278', 'HIT@10': '0.0635', 'NDCG@10': '0.0345', 'HIT@20': '0.0970', 'NDCG@20': '0.0429'}
EarlyStopping counter: 2 out of 50
{'epoch': 52, 'loss': '1.0950'}
{'Epoch': 52, 'HIT@5': '0.0423', 'NDCG@5': '0.0287', 'HIT@10': '0.0637', 'NDCG@10': '0.0357', 'HIT@20': '0.0977', 'NDCG@20': '0.0443'}
Validation score increased.  Saving model ...
{'epoch': 53, 'loss': '1.0896'}
{'Epoch': 53, 'HIT@5': '0.0429', 'NDCG@5': '0.0285', 'HIT@10': '0.0660', 'NDCG@10': '0.0358', 'HIT@20': '0.0955', 'NDCG@20': '0.0433'}
EarlyStopping counter: 1 out of 50
{'epoch': 54, 'loss': '1.0896'}
{'Epoch': 54, 'HIT@5': '0.0407', 'NDCG@5': '0.0273', 'HIT@10': '0.0622', 'NDCG@10': '0.0342', 'HIT@20': '0.0984', 'NDCG@20': '0.0433'}
EarlyStopping counter: 2 out of 50
{'epoch': 55, 'loss': '1.0894'}
{'Epoch': 55, 'HIT@5': '0.0427', 'NDCG@5': '0.0276', 'HIT@10': '0.0664', 'NDCG@10': '0.0351', 'HIT@20': '0.0979', 'NDCG@20': '0.0431'}
EarlyStopping counter: 3 out of 50
{'epoch': 56, 'loss': '1.0877'}
{'Epoch': 56, 'HIT@5': '0.0418', 'NDCG@5': '0.0285', 'HIT@10': '0.0666', 'NDCG@10': '0.0365', 'HIT@20': '0.0979', 'NDCG@20': '0.0443'}
Validation score increased.  Saving model ...
{'epoch': 57, 'loss': '1.0844'}
{'Epoch': 57, 'HIT@5': '0.0414', 'NDCG@5': '0.0274', 'HIT@10': '0.0655', 'NDCG@10': '0.0351', 'HIT@20': '0.0993', 'NDCG@20': '0.0437'}
EarlyStopping counter: 1 out of 50
{'epoch': 58, 'loss': '1.0850'}
{'Epoch': 58, 'HIT@5': '0.0414', 'NDCG@5': '0.0273', 'HIT@10': '0.0655', 'NDCG@10': '0.0350', 'HIT@20': '0.0988', 'NDCG@20': '0.0434'}
EarlyStopping counter: 2 out of 50
{'epoch': 59, 'loss': '1.0837'}
{'Epoch': 59, 'HIT@5': '0.0420', 'NDCG@5': '0.0273', 'HIT@10': '0.0622', 'NDCG@10': '0.0338', 'HIT@20': '0.0955', 'NDCG@20': '0.0422'}
EarlyStopping counter: 3 out of 50
{'epoch': 60, 'loss': '1.0807'}
{'Epoch': 60, 'HIT@5': '0.0443', 'NDCG@5': '0.0281', 'HIT@10': '0.0657', 'NDCG@10': '0.0350', 'HIT@20': '0.0988', 'NDCG@20': '0.0434'}
EarlyStopping counter: 4 out of 50
{'epoch': 61, 'loss': '1.0809'}
{'Epoch': 61, 'HIT@5': '0.0445', 'NDCG@5': '0.0295', 'HIT@10': '0.0666', 'NDCG@10': '0.0367', 'HIT@20': '0.1004', 'NDCG@20': '0.0451'}
Validation score increased.  Saving model ...
{'epoch': 62, 'loss': '1.0804'}
{'Epoch': 62, 'HIT@5': '0.0423', 'NDCG@5': '0.0291', 'HIT@10': '0.0666', 'NDCG@10': '0.0370', 'HIT@20': '0.0986', 'NDCG@20': '0.0451'}
EarlyStopping counter: 1 out of 50
{'epoch': 63, 'loss': '1.0792'}
{'Epoch': 63, 'HIT@5': '0.0443', 'NDCG@5': '0.0290', 'HIT@10': '0.0646', 'NDCG@10': '0.0355', 'HIT@20': '0.0977', 'NDCG@20': '0.0438'}
EarlyStopping counter: 2 out of 50
{'epoch': 64, 'loss': '1.0774'}
{'Epoch': 64, 'HIT@5': '0.0403', 'NDCG@5': '0.0278', 'HIT@10': '0.0644', 'NDCG@10': '0.0355', 'HIT@20': '0.0939', 'NDCG@20': '0.0430'}
EarlyStopping counter: 3 out of 50
{'epoch': 65, 'loss': '1.0740'}
{'Epoch': 65, 'HIT@5': '0.0481', 'NDCG@5': '0.0312', 'HIT@10': '0.0693', 'NDCG@10': '0.0380', 'HIT@20': '0.0984', 'NDCG@20': '0.0454'}
Validation score increased.  Saving model ...
{'epoch': 66, 'loss': '1.0731'}
{'Epoch': 66, 'HIT@5': '0.0425', 'NDCG@5': '0.0281', 'HIT@10': '0.0678', 'NDCG@10': '0.0362', 'HIT@20': '0.0988', 'NDCG@20': '0.0440'}
EarlyStopping counter: 1 out of 50
{'epoch': 67, 'loss': '1.0731'}
{'Epoch': 67, 'HIT@5': '0.0434', 'NDCG@5': '0.0292', 'HIT@10': '0.0662', 'NDCG@10': '0.0366', 'HIT@20': '0.1002', 'NDCG@20': '0.0453'}
EarlyStopping counter: 2 out of 50
{'epoch': 68, 'loss': '1.0724'}
{'Epoch': 68, 'HIT@5': '0.0423', 'NDCG@5': '0.0283', 'HIT@10': '0.0666', 'NDCG@10': '0.0362', 'HIT@20': '0.1002', 'NDCG@20': '0.0447'}
EarlyStopping counter: 3 out of 50
{'epoch': 69, 'loss': '1.0722'}
{'Epoch': 69, 'HIT@5': '0.0436', 'NDCG@5': '0.0288', 'HIT@10': '0.0662', 'NDCG@10': '0.0360', 'HIT@20': '0.1011', 'NDCG@20': '0.0449'}
EarlyStopping counter: 4 out of 50
{'epoch': 70, 'loss': '1.0694'}
{'Epoch': 70, 'HIT@5': '0.0407', 'NDCG@5': '0.0276', 'HIT@10': '0.0698', 'NDCG@10': '0.0369', 'HIT@20': '0.1029', 'NDCG@20': '0.0453'}
EarlyStopping counter: 5 out of 50
{'epoch': 71, 'loss': '1.0707'}
{'Epoch': 71, 'HIT@5': '0.0411', 'NDCG@5': '0.0280', 'HIT@10': '0.0664', 'NDCG@10': '0.0361', 'HIT@20': '0.0975', 'NDCG@20': '0.0440'}
EarlyStopping counter: 6 out of 50
{'epoch': 72, 'loss': '1.0699'}
{'Epoch': 72, 'HIT@5': '0.0427', 'NDCG@5': '0.0276', 'HIT@10': '0.0680', 'NDCG@10': '0.0358', 'HIT@20': '0.0991', 'NDCG@20': '0.0437'}
EarlyStopping counter: 7 out of 50
{'epoch': 73, 'loss': '1.0683'}
{'Epoch': 73, 'HIT@5': '0.0407', 'NDCG@5': '0.0284', 'HIT@10': '0.0678', 'NDCG@10': '0.0372', 'HIT@20': '0.1006', 'NDCG@20': '0.0455'}
Validation score increased.  Saving model ...
{'epoch': 74, 'loss': '1.0630'}
{'Epoch': 74, 'HIT@5': '0.0429', 'NDCG@5': '0.0291', 'HIT@10': '0.0691', 'NDCG@10': '0.0374', 'HIT@20': '0.1013', 'NDCG@20': '0.0455'}
Validation score increased.  Saving model ...
{'epoch': 75, 'loss': '1.0627'}
{'Epoch': 75, 'HIT@5': '0.0429', 'NDCG@5': '0.0281', 'HIT@10': '0.0684', 'NDCG@10': '0.0363', 'HIT@20': '0.0979', 'NDCG@20': '0.0438'}
EarlyStopping counter: 1 out of 50
{'epoch': 76, 'loss': '1.0595'}
{'Epoch': 76, 'HIT@5': '0.0427', 'NDCG@5': '0.0294', 'HIT@10': '0.0664', 'NDCG@10': '0.0370', 'HIT@20': '0.1008', 'NDCG@20': '0.0458'}
Validation score increased.  Saving model ...
{'epoch': 77, 'loss': '1.0625'}
{'Epoch': 77, 'HIT@5': '0.0449', 'NDCG@5': '0.0294', 'HIT@10': '0.0702', 'NDCG@10': '0.0375', 'HIT@20': '0.1015', 'NDCG@20': '0.0454'}
EarlyStopping counter: 1 out of 50
{'epoch': 78, 'loss': '1.0615'}
{'Epoch': 78, 'HIT@5': '0.0436', 'NDCG@5': '0.0286', 'HIT@10': '0.0700', 'NDCG@10': '0.0371', 'HIT@20': '0.1006', 'NDCG@20': '0.0447'}
EarlyStopping counter: 2 out of 50
{'epoch': 79, 'loss': '1.0626'}
{'Epoch': 79, 'HIT@5': '0.0425', 'NDCG@5': '0.0277', 'HIT@10': '0.0702', 'NDCG@10': '0.0366', 'HIT@20': '0.1033', 'NDCG@20': '0.0449'}
EarlyStopping counter: 3 out of 50
{'epoch': 80, 'loss': '1.0583'}
{'Epoch': 80, 'HIT@5': '0.0441', 'NDCG@5': '0.0288', 'HIT@10': '0.0698', 'NDCG@10': '0.0370', 'HIT@20': '0.1051', 'NDCG@20': '0.0459'}
Validation score increased.  Saving model ...
{'epoch': 81, 'loss': '1.0598'}
{'Epoch': 81, 'HIT@5': '0.0465', 'NDCG@5': '0.0316', 'HIT@10': '0.0718', 'NDCG@10': '0.0397', 'HIT@20': '0.1020', 'NDCG@20': '0.0473'}
Validation score increased.  Saving model ...
{'epoch': 82, 'loss': '1.0593'}
{'Epoch': 82, 'HIT@5': '0.0449', 'NDCG@5': '0.0304', 'HIT@10': '0.0720', 'NDCG@10': '0.0390', 'HIT@20': '0.1033', 'NDCG@20': '0.0469'}
EarlyStopping counter: 1 out of 50
{'epoch': 83, 'loss': '1.0581'}
{'Epoch': 83, 'HIT@5': '0.0463', 'NDCG@5': '0.0295', 'HIT@10': '0.0731', 'NDCG@10': '0.0380', 'HIT@20': '0.1011', 'NDCG@20': '0.0450'}
EarlyStopping counter: 2 out of 50
{'epoch': 84, 'loss': '1.0523'}
{'Epoch': 84, 'HIT@5': '0.0443', 'NDCG@5': '0.0292', 'HIT@10': '0.0700', 'NDCG@10': '0.0373', 'HIT@20': '0.1000', 'NDCG@20': '0.0449'}
EarlyStopping counter: 3 out of 50
{'epoch': 85, 'loss': '1.0536'}
{'Epoch': 85, 'HIT@5': '0.0429', 'NDCG@5': '0.0287', 'HIT@10': '0.0675', 'NDCG@10': '0.0366', 'HIT@20': '0.1000', 'NDCG@20': '0.0448'}
EarlyStopping counter: 4 out of 50
{'epoch': 86, 'loss': '1.0562'}
{'Epoch': 86, 'HIT@5': '0.0409', 'NDCG@5': '0.0288', 'HIT@10': '0.0684', 'NDCG@10': '0.0376', 'HIT@20': '0.1000', 'NDCG@20': '0.0456'}
EarlyStopping counter: 5 out of 50
{'epoch': 87, 'loss': '1.0522'}
{'Epoch': 87, 'HIT@5': '0.0443', 'NDCG@5': '0.0301', 'HIT@10': '0.0718', 'NDCG@10': '0.0389', 'HIT@20': '0.1033', 'NDCG@20': '0.0469'}
EarlyStopping counter: 6 out of 50
{'epoch': 88, 'loss': '1.0523'}
{'Epoch': 88, 'HIT@5': '0.0452', 'NDCG@5': '0.0300', 'HIT@10': '0.0689', 'NDCG@10': '0.0376', 'HIT@20': '0.1024', 'NDCG@20': '0.0461'}
EarlyStopping counter: 7 out of 50
{'epoch': 89, 'loss': '1.0499'}
{'Epoch': 89, 'HIT@5': '0.0465', 'NDCG@5': '0.0308', 'HIT@10': '0.0725', 'NDCG@10': '0.0391', 'HIT@20': '0.1038', 'NDCG@20': '0.0469'}
EarlyStopping counter: 8 out of 50
{'epoch': 90, 'loss': '1.0497'}
{'Epoch': 90, 'HIT@5': '0.0441', 'NDCG@5': '0.0299', 'HIT@10': '0.0718', 'NDCG@10': '0.0389', 'HIT@20': '0.1026', 'NDCG@20': '0.0468'}
EarlyStopping counter: 9 out of 50
{'epoch': 91, 'loss': '1.0474'}
{'Epoch': 91, 'HIT@5': '0.0447', 'NDCG@5': '0.0307', 'HIT@10': '0.0718', 'NDCG@10': '0.0393', 'HIT@20': '0.1008', 'NDCG@20': '0.0467'}
EarlyStopping counter: 10 out of 50
{'epoch': 92, 'loss': '1.0490'}
{'Epoch': 92, 'HIT@5': '0.0429', 'NDCG@5': '0.0301', 'HIT@10': '0.0695', 'NDCG@10': '0.0385', 'HIT@20': '0.0995', 'NDCG@20': '0.0460'}
EarlyStopping counter: 11 out of 50
{'epoch': 93, 'loss': '1.0464'}
{'Epoch': 93, 'HIT@5': '0.0432', 'NDCG@5': '0.0289', 'HIT@10': '0.0711', 'NDCG@10': '0.0379', 'HIT@20': '0.1024', 'NDCG@20': '0.0457'}
EarlyStopping counter: 12 out of 50
{'epoch': 94, 'loss': '1.0473'}
{'Epoch': 94, 'HIT@5': '0.0434', 'NDCG@5': '0.0298', 'HIT@10': '0.0718', 'NDCG@10': '0.0390', 'HIT@20': '0.1020', 'NDCG@20': '0.0466'}
EarlyStopping counter: 13 out of 50
{'epoch': 95, 'loss': '1.0492'}
{'Epoch': 95, 'HIT@5': '0.0438', 'NDCG@5': '0.0301', 'HIT@10': '0.0693', 'NDCG@10': '0.0383', 'HIT@20': '0.0977', 'NDCG@20': '0.0455'}
EarlyStopping counter: 14 out of 50
{'epoch': 96, 'loss': '1.0434'}
{'Epoch': 96, 'HIT@5': '0.0445', 'NDCG@5': '0.0297', 'HIT@10': '0.0675', 'NDCG@10': '0.0371', 'HIT@20': '0.1015', 'NDCG@20': '0.0457'}
EarlyStopping counter: 15 out of 50
{'epoch': 97, 'loss': '1.0465'}
{'Epoch': 97, 'HIT@5': '0.0454', 'NDCG@5': '0.0291', 'HIT@10': '0.0711', 'NDCG@10': '0.0374', 'HIT@20': '0.1002', 'NDCG@20': '0.0447'}
EarlyStopping counter: 16 out of 50
{'epoch': 98, 'loss': '1.0424'}
{'Epoch': 98, 'HIT@5': '0.0445', 'NDCG@5': '0.0308', 'HIT@10': '0.0711', 'NDCG@10': '0.0393', 'HIT@20': '0.0982', 'NDCG@20': '0.0461'}
EarlyStopping counter: 17 out of 50
{'epoch': 99, 'loss': '1.0466'}
{'Epoch': 99, 'HIT@5': '0.0454', 'NDCG@5': '0.0303', 'HIT@10': '0.0711', 'NDCG@10': '0.0386', 'HIT@20': '0.0982', 'NDCG@20': '0.0454'}
EarlyStopping counter: 18 out of 50
{'epoch': 100, 'loss': '1.0449'}
{'Epoch': 100, 'HIT@5': '0.0441', 'NDCG@5': '0.0286', 'HIT@10': '0.0689', 'NDCG@10': '0.0366', 'HIT@20': '0.0995', 'NDCG@20': '0.0444'}
EarlyStopping counter: 19 out of 50
{'epoch': 101, 'loss': '1.0407'}
{'Epoch': 101, 'HIT@5': '0.0414', 'NDCG@5': '0.0274', 'HIT@10': '0.0707', 'NDCG@10': '0.0368', 'HIT@20': '0.1002', 'NDCG@20': '0.0442'}
EarlyStopping counter: 20 out of 50
{'epoch': 102, 'loss': '1.0420'}
{'Epoch': 102, 'HIT@5': '0.0438', 'NDCG@5': '0.0300', 'HIT@10': '0.0704', 'NDCG@10': '0.0385', 'HIT@20': '0.0993', 'NDCG@20': '0.0458'}
EarlyStopping counter: 21 out of 50
{'epoch': 103, 'loss': '1.0387'}
{'Epoch': 103, 'HIT@5': '0.0465', 'NDCG@5': '0.0307', 'HIT@10': '0.0729', 'NDCG@10': '0.0391', 'HIT@20': '0.1015', 'NDCG@20': '0.0463'}
EarlyStopping counter: 22 out of 50
{'epoch': 104, 'loss': '1.0361'}
{'Epoch': 104, 'HIT@5': '0.0452', 'NDCG@5': '0.0309', 'HIT@10': '0.0727', 'NDCG@10': '0.0399', 'HIT@20': '0.1020', 'NDCG@20': '0.0473'}
Validation score increased.  Saving model ...
{'epoch': 105, 'loss': '1.0407'}
{'Epoch': 105, 'HIT@5': '0.0481', 'NDCG@5': '0.0328', 'HIT@10': '0.0736', 'NDCG@10': '0.0410', 'HIT@20': '0.1022', 'NDCG@20': '0.0483'}
Validation score increased.  Saving model ...
{'epoch': 106, 'loss': '1.0383'}
{'Epoch': 106, 'HIT@5': '0.0443', 'NDCG@5': '0.0305', 'HIT@10': '0.0727', 'NDCG@10': '0.0397', 'HIT@20': '0.1035', 'NDCG@20': '0.0475'}
EarlyStopping counter: 1 out of 50
{'epoch': 107, 'loss': '1.0366'}
{'Epoch': 107, 'HIT@5': '0.0458', 'NDCG@5': '0.0316', 'HIT@10': '0.0713', 'NDCG@10': '0.0398', 'HIT@20': '0.1015', 'NDCG@20': '0.0475'}
EarlyStopping counter: 2 out of 50
{'epoch': 108, 'loss': '1.0376'}
{'Epoch': 108, 'HIT@5': '0.0465', 'NDCG@5': '0.0324', 'HIT@10': '0.0731', 'NDCG@10': '0.0410', 'HIT@20': '0.1038', 'NDCG@20': '0.0487'}
Validation score increased.  Saving model ...
{'epoch': 109, 'loss': '1.0361'}
{'Epoch': 109, 'HIT@5': '0.0461', 'NDCG@5': '0.0309', 'HIT@10': '0.0738', 'NDCG@10': '0.0398', 'HIT@20': '0.1049', 'NDCG@20': '0.0476'}
EarlyStopping counter: 1 out of 50
{'epoch': 110, 'loss': '1.0376'}
{'Epoch': 110, 'HIT@5': '0.0454', 'NDCG@5': '0.0314', 'HIT@10': '0.0704', 'NDCG@10': '0.0394', 'HIT@20': '0.1000', 'NDCG@20': '0.0468'}
EarlyStopping counter: 2 out of 50
{'epoch': 111, 'loss': '1.0350'}
{'Epoch': 111, 'HIT@5': '0.0445', 'NDCG@5': '0.0298', 'HIT@10': '0.0711', 'NDCG@10': '0.0382', 'HIT@20': '0.1013', 'NDCG@20': '0.0457'}
EarlyStopping counter: 3 out of 50
{'epoch': 112, 'loss': '1.0344'}
{'Epoch': 112, 'HIT@5': '0.0441', 'NDCG@5': '0.0304', 'HIT@10': '0.0704', 'NDCG@10': '0.0389', 'HIT@20': '0.1013', 'NDCG@20': '0.0466'}
EarlyStopping counter: 4 out of 50
{'epoch': 113, 'loss': '1.0345'}
{'Epoch': 113, 'HIT@5': '0.0465', 'NDCG@5': '0.0326', 'HIT@10': '0.0695', 'NDCG@10': '0.0400', 'HIT@20': '0.1026', 'NDCG@20': '0.0483'}
EarlyStopping counter: 5 out of 50
{'epoch': 114, 'loss': '1.0326'}
{'Epoch': 114, 'HIT@5': '0.0463', 'NDCG@5': '0.0325', 'HIT@10': '0.0698', 'NDCG@10': '0.0400', 'HIT@20': '0.1040', 'NDCG@20': '0.0487'}
Validation score increased.  Saving model ...
{'epoch': 115, 'loss': '1.0341'}
{'Epoch': 115, 'HIT@5': '0.0463', 'NDCG@5': '0.0317', 'HIT@10': '0.0749', 'NDCG@10': '0.0408', 'HIT@20': '0.1029', 'NDCG@20': '0.0478'}
EarlyStopping counter: 1 out of 50
{'epoch': 116, 'loss': '1.0334'}
{'Epoch': 116, 'HIT@5': '0.0481', 'NDCG@5': '0.0329', 'HIT@10': '0.0745', 'NDCG@10': '0.0413', 'HIT@20': '0.1038', 'NDCG@20': '0.0488'}
Validation score increased.  Saving model ...
{'epoch': 117, 'loss': '1.0297'}
{'Epoch': 117, 'HIT@5': '0.0505', 'NDCG@5': '0.0349', 'HIT@10': '0.0758', 'NDCG@10': '0.0430', 'HIT@20': '0.1051', 'NDCG@20': '0.0503'}
Validation score increased.  Saving model ...
{'epoch': 118, 'loss': '1.0305'}
{'Epoch': 118, 'HIT@5': '0.0463', 'NDCG@5': '0.0315', 'HIT@10': '0.0711', 'NDCG@10': '0.0396', 'HIT@20': '0.1029', 'NDCG@20': '0.0476'}
EarlyStopping counter: 1 out of 50
{'epoch': 119, 'loss': '1.0295'}
{'Epoch': 119, 'HIT@5': '0.0463', 'NDCG@5': '0.0311', 'HIT@10': '0.0742', 'NDCG@10': '0.0401', 'HIT@20': '0.1038', 'NDCG@20': '0.0475'}
EarlyStopping counter: 2 out of 50
{'epoch': 120, 'loss': '1.0304'}
{'Epoch': 120, 'HIT@5': '0.0483', 'NDCG@5': '0.0333', 'HIT@10': '0.0736', 'NDCG@10': '0.0414', 'HIT@20': '0.1020', 'NDCG@20': '0.0485'}
EarlyStopping counter: 3 out of 50
{'epoch': 121, 'loss': '1.0274'}
{'Epoch': 121, 'HIT@5': '0.0456', 'NDCG@5': '0.0321', 'HIT@10': '0.0700', 'NDCG@10': '0.0398', 'HIT@20': '0.1040', 'NDCG@20': '0.0483'}
EarlyStopping counter: 4 out of 50
{'epoch': 122, 'loss': '1.0294'}
{'Epoch': 122, 'HIT@5': '0.0483', 'NDCG@5': '0.0327', 'HIT@10': '0.0716', 'NDCG@10': '0.0401', 'HIT@20': '0.1040', 'NDCG@20': '0.0483'}
EarlyStopping counter: 5 out of 50
{'epoch': 123, 'loss': '1.0297'}
{'Epoch': 123, 'HIT@5': '0.0452', 'NDCG@5': '0.0323', 'HIT@10': '0.0733', 'NDCG@10': '0.0412', 'HIT@20': '0.1022', 'NDCG@20': '0.0485'}
EarlyStopping counter: 6 out of 50
{'epoch': 124, 'loss': '1.0281'}
{'Epoch': 124, 'HIT@5': '0.0449', 'NDCG@5': '0.0313', 'HIT@10': '0.0736', 'NDCG@10': '0.0405', 'HIT@20': '0.1035', 'NDCG@20': '0.0480'}
EarlyStopping counter: 7 out of 50
{'epoch': 125, 'loss': '1.0223'}
{'Epoch': 125, 'HIT@5': '0.0456', 'NDCG@5': '0.0310', 'HIT@10': '0.0698', 'NDCG@10': '0.0387', 'HIT@20': '0.1004', 'NDCG@20': '0.0465'}
EarlyStopping counter: 8 out of 50
{'epoch': 126, 'loss': '1.0246'}
{'Epoch': 126, 'HIT@5': '0.0470', 'NDCG@5': '0.0324', 'HIT@10': '0.0727', 'NDCG@10': '0.0406', 'HIT@20': '0.1026', 'NDCG@20': '0.0482'}
EarlyStopping counter: 9 out of 50
{'epoch': 127, 'loss': '1.0225'}
{'Epoch': 127, 'HIT@5': '0.0467', 'NDCG@5': '0.0304', 'HIT@10': '0.0725', 'NDCG@10': '0.0385', 'HIT@20': '0.1017', 'NDCG@20': '0.0459'}
EarlyStopping counter: 10 out of 50
{'epoch': 128, 'loss': '1.0228'}
{'Epoch': 128, 'HIT@5': '0.0474', 'NDCG@5': '0.0319', 'HIT@10': '0.0716', 'NDCG@10': '0.0397', 'HIT@20': '0.1062', 'NDCG@20': '0.0484'}
EarlyStopping counter: 11 out of 50
{'epoch': 129, 'loss': '1.0232'}
{'Epoch': 129, 'HIT@5': '0.0474', 'NDCG@5': '0.0314', 'HIT@10': '0.0698', 'NDCG@10': '0.0385', 'HIT@20': '0.1008', 'NDCG@20': '0.0464'}
EarlyStopping counter: 12 out of 50
{'epoch': 130, 'loss': '1.0228'}
{'Epoch': 130, 'HIT@5': '0.0470', 'NDCG@5': '0.0319', 'HIT@10': '0.0716', 'NDCG@10': '0.0398', 'HIT@20': '0.1049', 'NDCG@20': '0.0483'}
EarlyStopping counter: 13 out of 50
{'epoch': 131, 'loss': '1.0251'}
{'Epoch': 131, 'HIT@5': '0.0476', 'NDCG@5': '0.0328', 'HIT@10': '0.0736', 'NDCG@10': '0.0411', 'HIT@20': '0.1035', 'NDCG@20': '0.0487'}
EarlyStopping counter: 14 out of 50
{'epoch': 132, 'loss': '1.0227'}
{'Epoch': 132, 'HIT@5': '0.0461', 'NDCG@5': '0.0315', 'HIT@10': '0.0754', 'NDCG@10': '0.0410', 'HIT@20': '0.1064', 'NDCG@20': '0.0488'}
EarlyStopping counter: 15 out of 50
{'epoch': 133, 'loss': '1.0189'}
{'Epoch': 133, 'HIT@5': '0.0485', 'NDCG@5': '0.0333', 'HIT@10': '0.0745', 'NDCG@10': '0.0418', 'HIT@20': '0.1038', 'NDCG@20': '0.0491'}
EarlyStopping counter: 16 out of 50
{'epoch': 134, 'loss': '1.0223'}
{'Epoch': 134, 'HIT@5': '0.0505', 'NDCG@5': '0.0336', 'HIT@10': '0.0767', 'NDCG@10': '0.0420', 'HIT@20': '0.1022', 'NDCG@20': '0.0485'}
EarlyStopping counter: 17 out of 50
{'epoch': 135, 'loss': '1.0191'}
{'Epoch': 135, 'HIT@5': '0.0485', 'NDCG@5': '0.0335', 'HIT@10': '0.0740', 'NDCG@10': '0.0418', 'HIT@20': '0.1031', 'NDCG@20': '0.0492'}
EarlyStopping counter: 18 out of 50
{'epoch': 136, 'loss': '1.0179'}
{'Epoch': 136, 'HIT@5': '0.0461', 'NDCG@5': '0.0316', 'HIT@10': '0.0727', 'NDCG@10': '0.0402', 'HIT@20': '0.1051', 'NDCG@20': '0.0485'}
EarlyStopping counter: 19 out of 50
{'epoch': 137, 'loss': '1.0194'}
{'Epoch': 137, 'HIT@5': '0.0483', 'NDCG@5': '0.0328', 'HIT@10': '0.0747', 'NDCG@10': '0.0414', 'HIT@20': '0.1053', 'NDCG@20': '0.0490'}
EarlyStopping counter: 20 out of 50
{'epoch': 138, 'loss': '1.0200'}
{'Epoch': 138, 'HIT@5': '0.0465', 'NDCG@5': '0.0315', 'HIT@10': '0.0700', 'NDCG@10': '0.0391', 'HIT@20': '0.1011', 'NDCG@20': '0.0469'}
EarlyStopping counter: 21 out of 50
{'epoch': 139, 'loss': '1.0149'}
{'Epoch': 139, 'HIT@5': '0.0429', 'NDCG@5': '0.0307', 'HIT@10': '0.0711', 'NDCG@10': '0.0398', 'HIT@20': '0.1042', 'NDCG@20': '0.0481'}
EarlyStopping counter: 22 out of 50
{'epoch': 140, 'loss': '1.0179'}
{'Epoch': 140, 'HIT@5': '0.0461', 'NDCG@5': '0.0316', 'HIT@10': '0.0711', 'NDCG@10': '0.0396', 'HIT@20': '0.1073', 'NDCG@20': '0.0488'}
EarlyStopping counter: 23 out of 50
{'epoch': 141, 'loss': '1.0188'}
{'Epoch': 141, 'HIT@5': '0.0483', 'NDCG@5': '0.0329', 'HIT@10': '0.0740', 'NDCG@10': '0.0412', 'HIT@20': '0.1031', 'NDCG@20': '0.0486'}
EarlyStopping counter: 24 out of 50
{'epoch': 142, 'loss': '1.0179'}
{'Epoch': 142, 'HIT@5': '0.0474', 'NDCG@5': '0.0321', 'HIT@10': '0.0747', 'NDCG@10': '0.0409', 'HIT@20': '0.1038', 'NDCG@20': '0.0482'}
EarlyStopping counter: 25 out of 50
{'epoch': 143, 'loss': '1.0185'}
{'Epoch': 143, 'HIT@5': '0.0476', 'NDCG@5': '0.0317', 'HIT@10': '0.0740', 'NDCG@10': '0.0403', 'HIT@20': '0.1053', 'NDCG@20': '0.0481'}
EarlyStopping counter: 26 out of 50
{'epoch': 144, 'loss': '1.0159'}
{'Epoch': 144, 'HIT@5': '0.0461', 'NDCG@5': '0.0315', 'HIT@10': '0.0747', 'NDCG@10': '0.0408', 'HIT@20': '0.1044', 'NDCG@20': '0.0483'}
EarlyStopping counter: 27 out of 50
{'epoch': 145, 'loss': '1.0139'}
{'Epoch': 145, 'HIT@5': '0.0467', 'NDCG@5': '0.0318', 'HIT@10': '0.0745', 'NDCG@10': '0.0407', 'HIT@20': '0.1044', 'NDCG@20': '0.0483'}
EarlyStopping counter: 28 out of 50
{'epoch': 146, 'loss': '1.0137'}
{'Epoch': 146, 'HIT@5': '0.0470', 'NDCG@5': '0.0327', 'HIT@10': '0.0691', 'NDCG@10': '0.0398', 'HIT@20': '0.1029', 'NDCG@20': '0.0484'}
EarlyStopping counter: 29 out of 50
{'epoch': 147, 'loss': '1.0134'}
{'Epoch': 147, 'HIT@5': '0.0463', 'NDCG@5': '0.0319', 'HIT@10': '0.0725', 'NDCG@10': '0.0404', 'HIT@20': '0.1031', 'NDCG@20': '0.0481'}
EarlyStopping counter: 30 out of 50
{'epoch': 148, 'loss': '1.0151'}
{'Epoch': 148, 'HIT@5': '0.0485', 'NDCG@5': '0.0328', 'HIT@10': '0.0751', 'NDCG@10': '0.0414', 'HIT@20': '0.1060', 'NDCG@20': '0.0491'}
EarlyStopping counter: 31 out of 50
{'epoch': 149, 'loss': '1.0126'}
{'Epoch': 149, 'HIT@5': '0.0487', 'NDCG@5': '0.0329', 'HIT@10': '0.0742', 'NDCG@10': '0.0410', 'HIT@20': '0.1026', 'NDCG@20': '0.0482'}
EarlyStopping counter: 32 out of 50
{'epoch': 150, 'loss': '1.0132'}
{'Epoch': 150, 'HIT@5': '0.0503', 'NDCG@5': '0.0334', 'HIT@10': '0.0747', 'NDCG@10': '0.0412', 'HIT@20': '0.1020', 'NDCG@20': '0.0480'}
EarlyStopping counter: 33 out of 50
{'epoch': 151, 'loss': '1.0101'}
{'Epoch': 151, 'HIT@5': '0.0514', 'NDCG@5': '0.0343', 'HIT@10': '0.0745', 'NDCG@10': '0.0417', 'HIT@20': '0.1051', 'NDCG@20': '0.0495'}
EarlyStopping counter: 34 out of 50
{'epoch': 152, 'loss': '1.0099'}
{'Epoch': 152, 'HIT@5': '0.0494', 'NDCG@5': '0.0332', 'HIT@10': '0.0745', 'NDCG@10': '0.0413', 'HIT@20': '0.1069', 'NDCG@20': '0.0494'}
EarlyStopping counter: 35 out of 50
{'epoch': 153, 'loss': '1.0096'}
{'Epoch': 153, 'HIT@5': '0.0517', 'NDCG@5': '0.0346', 'HIT@10': '0.0740', 'NDCG@10': '0.0418', 'HIT@20': '0.1080', 'NDCG@20': '0.0503'}
EarlyStopping counter: 36 out of 50
{'epoch': 154, 'loss': '1.0085'}
{'Epoch': 154, 'HIT@5': '0.0492', 'NDCG@5': '0.0337', 'HIT@10': '0.0709', 'NDCG@10': '0.0407', 'HIT@20': '0.1026', 'NDCG@20': '0.0486'}
EarlyStopping counter: 37 out of 50
{'epoch': 155, 'loss': '1.0104'}
{'Epoch': 155, 'HIT@5': '0.0445', 'NDCG@5': '0.0290', 'HIT@10': '0.0718', 'NDCG@10': '0.0378', 'HIT@20': '0.1024', 'NDCG@20': '0.0455'}
EarlyStopping counter: 38 out of 50
{'epoch': 156, 'loss': '1.0089'}
{'Epoch': 156, 'HIT@5': '0.0523', 'NDCG@5': '0.0342', 'HIT@10': '0.0742', 'NDCG@10': '0.0411', 'HIT@20': '0.1062', 'NDCG@20': '0.0492'}
EarlyStopping counter: 39 out of 50
{'epoch': 157, 'loss': '1.0109'}
{'Epoch': 157, 'HIT@5': '0.0483', 'NDCG@5': '0.0316', 'HIT@10': '0.0769', 'NDCG@10': '0.0408', 'HIT@20': '0.1055', 'NDCG@20': '0.0480'}
EarlyStopping counter: 40 out of 50
{'epoch': 158, 'loss': '1.0087'}
{'Epoch': 158, 'HIT@5': '0.0517', 'NDCG@5': '0.0336', 'HIT@10': '0.0720', 'NDCG@10': '0.0401', 'HIT@20': '0.1055', 'NDCG@20': '0.0485'}
EarlyStopping counter: 41 out of 50
{'epoch': 159, 'loss': '1.0067'}
{'Epoch': 159, 'HIT@5': '0.0517', 'NDCG@5': '0.0360', 'HIT@10': '0.0767', 'NDCG@10': '0.0440', 'HIT@20': '0.1058', 'NDCG@20': '0.0512'}
Validation score increased.  Saving model ...
{'epoch': 160, 'loss': '1.0070'}
{'Epoch': 160, 'HIT@5': '0.0481', 'NDCG@5': '0.0329', 'HIT@10': '0.0704', 'NDCG@10': '0.0401', 'HIT@20': '0.1029', 'NDCG@20': '0.0483'}
EarlyStopping counter: 1 out of 50
{'epoch': 161, 'loss': '1.0066'}
{'Epoch': 161, 'HIT@5': '0.0494', 'NDCG@5': '0.0331', 'HIT@10': '0.0731', 'NDCG@10': '0.0407', 'HIT@20': '0.1031', 'NDCG@20': '0.0482'}
EarlyStopping counter: 2 out of 50
{'epoch': 162, 'loss': '1.0059'}
{'Epoch': 162, 'HIT@5': '0.0496', 'NDCG@5': '0.0334', 'HIT@10': '0.0720', 'NDCG@10': '0.0406', 'HIT@20': '0.1044', 'NDCG@20': '0.0488'}
EarlyStopping counter: 3 out of 50
{'epoch': 163, 'loss': '1.0061'}
{'Epoch': 163, 'HIT@5': '0.0490', 'NDCG@5': '0.0339', 'HIT@10': '0.0718', 'NDCG@10': '0.0412', 'HIT@20': '0.1069', 'NDCG@20': '0.0500'}
EarlyStopping counter: 4 out of 50
{'epoch': 164, 'loss': '1.0057'}
{'Epoch': 164, 'HIT@5': '0.0474', 'NDCG@5': '0.0340', 'HIT@10': '0.0716', 'NDCG@10': '0.0417', 'HIT@20': '0.1082', 'NDCG@20': '0.0510'}
EarlyStopping counter: 5 out of 50
{'epoch': 165, 'loss': '1.0053'}
{'Epoch': 165, 'HIT@5': '0.0487', 'NDCG@5': '0.0330', 'HIT@10': '0.0731', 'NDCG@10': '0.0409', 'HIT@20': '0.1042', 'NDCG@20': '0.0488'}
EarlyStopping counter: 6 out of 50
{'epoch': 166, 'loss': '1.0062'}
{'Epoch': 166, 'HIT@5': '0.0474', 'NDCG@5': '0.0326', 'HIT@10': '0.0740', 'NDCG@10': '0.0412', 'HIT@20': '0.1013', 'NDCG@20': '0.0481'}
EarlyStopping counter: 7 out of 50
{'epoch': 167, 'loss': '1.0051'}
{'Epoch': 167, 'HIT@5': '0.0492', 'NDCG@5': '0.0325', 'HIT@10': '0.0733', 'NDCG@10': '0.0403', 'HIT@20': '0.1026', 'NDCG@20': '0.0476'}
EarlyStopping counter: 8 out of 50
{'epoch': 168, 'loss': '1.0052'}
{'Epoch': 168, 'HIT@5': '0.0487', 'NDCG@5': '0.0330', 'HIT@10': '0.0751', 'NDCG@10': '0.0414', 'HIT@20': '0.1053', 'NDCG@20': '0.0489'}
EarlyStopping counter: 9 out of 50
{'epoch': 169, 'loss': '1.0055'}
{'Epoch': 169, 'HIT@5': '0.0452', 'NDCG@5': '0.0306', 'HIT@10': '0.0684', 'NDCG@10': '0.0381', 'HIT@20': '0.1029', 'NDCG@20': '0.0468'}
EarlyStopping counter: 10 out of 50
{'epoch': 170, 'loss': '1.0034'}
{'Epoch': 170, 'HIT@5': '0.0465', 'NDCG@5': '0.0316', 'HIT@10': '0.0718', 'NDCG@10': '0.0396', 'HIT@20': '0.1078', 'NDCG@20': '0.0487'}
EarlyStopping counter: 11 out of 50
{'epoch': 171, 'loss': '0.9996'}
{'Epoch': 171, 'HIT@5': '0.0474', 'NDCG@5': '0.0315', 'HIT@10': '0.0729', 'NDCG@10': '0.0396', 'HIT@20': '0.1038', 'NDCG@20': '0.0474'}
EarlyStopping counter: 12 out of 50
{'epoch': 172, 'loss': '1.0028'}
{'Epoch': 172, 'HIT@5': '0.0496', 'NDCG@5': '0.0338', 'HIT@10': '0.0733', 'NDCG@10': '0.0414', 'HIT@20': '0.1038', 'NDCG@20': '0.0491'}
EarlyStopping counter: 13 out of 50
{'epoch': 173, 'loss': '1.0033'}
{'Epoch': 173, 'HIT@5': '0.0434', 'NDCG@5': '0.0311', 'HIT@10': '0.0689', 'NDCG@10': '0.0394', 'HIT@20': '0.1062', 'NDCG@20': '0.0488'}
EarlyStopping counter: 14 out of 50
{'epoch': 174, 'loss': '1.0033'}
{'Epoch': 174, 'HIT@5': '0.0454', 'NDCG@5': '0.0317', 'HIT@10': '0.0689', 'NDCG@10': '0.0392', 'HIT@20': '0.1015', 'NDCG@20': '0.0475'}
EarlyStopping counter: 15 out of 50
{'epoch': 175, 'loss': '1.0004'}
{'Epoch': 175, 'HIT@5': '0.0436', 'NDCG@5': '0.0308', 'HIT@10': '0.0711', 'NDCG@10': '0.0397', 'HIT@20': '0.1020', 'NDCG@20': '0.0474'}
EarlyStopping counter: 16 out of 50
{'epoch': 176, 'loss': '1.0013'}
{'Epoch': 176, 'HIT@5': '0.0494', 'NDCG@5': '0.0339', 'HIT@10': '0.0729', 'NDCG@10': '0.0415', 'HIT@20': '0.1051', 'NDCG@20': '0.0496'}
EarlyStopping counter: 17 out of 50
{'epoch': 177, 'loss': '0.9995'}
{'Epoch': 177, 'HIT@5': '0.0476', 'NDCG@5': '0.0323', 'HIT@10': '0.0725', 'NDCG@10': '0.0402', 'HIT@20': '0.1047', 'NDCG@20': '0.0483'}
EarlyStopping counter: 18 out of 50
{'epoch': 178, 'loss': '0.9992'}
{'Epoch': 178, 'HIT@5': '0.0481', 'NDCG@5': '0.0337', 'HIT@10': '0.0747', 'NDCG@10': '0.0421', 'HIT@20': '0.1062', 'NDCG@20': '0.0500'}
EarlyStopping counter: 19 out of 50
{'epoch': 179, 'loss': '1.0003'}
{'Epoch': 179, 'HIT@5': '0.0514', 'NDCG@5': '0.0344', 'HIT@10': '0.0747', 'NDCG@10': '0.0420', 'HIT@20': '0.1053', 'NDCG@20': '0.0496'}
EarlyStopping counter: 20 out of 50
{'epoch': 180, 'loss': '1.0033'}
{'Epoch': 180, 'HIT@5': '0.0492', 'NDCG@5': '0.0341', 'HIT@10': '0.0774', 'NDCG@10': '0.0432', 'HIT@20': '0.1040', 'NDCG@20': '0.0499'}
EarlyStopping counter: 21 out of 50
{'epoch': 181, 'loss': '0.9980'}
{'Epoch': 181, 'HIT@5': '0.0499', 'NDCG@5': '0.0336', 'HIT@10': '0.0754', 'NDCG@10': '0.0418', 'HIT@20': '0.1051', 'NDCG@20': '0.0493'}
EarlyStopping counter: 22 out of 50
{'epoch': 182, 'loss': '0.9973'}
{'Epoch': 182, 'HIT@5': '0.0472', 'NDCG@5': '0.0317', 'HIT@10': '0.0733', 'NDCG@10': '0.0401', 'HIT@20': '0.1044', 'NDCG@20': '0.0480'}
EarlyStopping counter: 23 out of 50
{'epoch': 183, 'loss': '0.9961'}
{'Epoch': 183, 'HIT@5': '0.0472', 'NDCG@5': '0.0333', 'HIT@10': '0.0742', 'NDCG@10': '0.0421', 'HIT@20': '0.1035', 'NDCG@20': '0.0494'}
EarlyStopping counter: 24 out of 50
{'epoch': 184, 'loss': '0.9976'}
{'Epoch': 184, 'HIT@5': '0.0496', 'NDCG@5': '0.0330', 'HIT@10': '0.0729', 'NDCG@10': '0.0405', 'HIT@20': '0.1006', 'NDCG@20': '0.0475'}
EarlyStopping counter: 25 out of 50
{'epoch': 185, 'loss': '0.9972'}
{'Epoch': 185, 'HIT@5': '0.0467', 'NDCG@5': '0.0314', 'HIT@10': '0.0711', 'NDCG@10': '0.0393', 'HIT@20': '0.1033', 'NDCG@20': '0.0474'}
EarlyStopping counter: 26 out of 50
{'epoch': 186, 'loss': '0.9939'}
{'Epoch': 186, 'HIT@5': '0.0476', 'NDCG@5': '0.0317', 'HIT@10': '0.0747', 'NDCG@10': '0.0405', 'HIT@20': '0.1033', 'NDCG@20': '0.0477'}
EarlyStopping counter: 27 out of 50
{'epoch': 187, 'loss': '0.9921'}
{'Epoch': 187, 'HIT@5': '0.0487', 'NDCG@5': '0.0327', 'HIT@10': '0.0738', 'NDCG@10': '0.0408', 'HIT@20': '0.1033', 'NDCG@20': '0.0482'}
EarlyStopping counter: 28 out of 50
{'epoch': 188, 'loss': '0.9956'}
{'Epoch': 188, 'HIT@5': '0.0503', 'NDCG@5': '0.0342', 'HIT@10': '0.0760', 'NDCG@10': '0.0426', 'HIT@20': '0.1038', 'NDCG@20': '0.0496'}
EarlyStopping counter: 29 out of 50
{'epoch': 189, 'loss': '0.9946'}
{'Epoch': 189, 'HIT@5': '0.0512', 'NDCG@5': '0.0352', 'HIT@10': '0.0740', 'NDCG@10': '0.0425', 'HIT@20': '0.1058', 'NDCG@20': '0.0505'}
EarlyStopping counter: 30 out of 50
{'epoch': 190, 'loss': '0.9931'}
{'Epoch': 190, 'HIT@5': '0.0501', 'NDCG@5': '0.0343', 'HIT@10': '0.0745', 'NDCG@10': '0.0421', 'HIT@20': '0.1035', 'NDCG@20': '0.0495'}
EarlyStopping counter: 31 out of 50
{'epoch': 191, 'loss': '0.9916'}
{'Epoch': 191, 'HIT@5': '0.0476', 'NDCG@5': '0.0324', 'HIT@10': '0.0747', 'NDCG@10': '0.0411', 'HIT@20': '0.1069', 'NDCG@20': '0.0492'}
EarlyStopping counter: 32 out of 50
{'epoch': 192, 'loss': '0.9948'}
{'Epoch': 192, 'HIT@5': '0.0487', 'NDCG@5': '0.0332', 'HIT@10': '0.0731', 'NDCG@10': '0.0410', 'HIT@20': '0.1008', 'NDCG@20': '0.0479'}
EarlyStopping counter: 33 out of 50
{'epoch': 193, 'loss': '0.9949'}
{'Epoch': 193, 'HIT@5': '0.0510', 'NDCG@5': '0.0336', 'HIT@10': '0.0742', 'NDCG@10': '0.0410', 'HIT@20': '0.1055', 'NDCG@20': '0.0488'}
EarlyStopping counter: 34 out of 50
{'epoch': 194, 'loss': '0.9916'}
{'Epoch': 194, 'HIT@5': '0.0512', 'NDCG@5': '0.0345', 'HIT@10': '0.0733', 'NDCG@10': '0.0417', 'HIT@20': '0.1047', 'NDCG@20': '0.0496'}
EarlyStopping counter: 35 out of 50
{'epoch': 195, 'loss': '0.9935'}
{'Epoch': 195, 'HIT@5': '0.0490', 'NDCG@5': '0.0331', 'HIT@10': '0.0733', 'NDCG@10': '0.0410', 'HIT@20': '0.1033', 'NDCG@20': '0.0485'}
EarlyStopping counter: 36 out of 50
{'epoch': 196, 'loss': '0.9941'}
{'Epoch': 196, 'HIT@5': '0.0521', 'NDCG@5': '0.0350', 'HIT@10': '0.0725', 'NDCG@10': '0.0415', 'HIT@20': '0.1042', 'NDCG@20': '0.0495'}
EarlyStopping counter: 37 out of 50
{'epoch': 197, 'loss': '0.9921'}
{'Epoch': 197, 'HIT@5': '0.0503', 'NDCG@5': '0.0338', 'HIT@10': '0.0747', 'NDCG@10': '0.0416', 'HIT@20': '0.1042', 'NDCG@20': '0.0490'}
EarlyStopping counter: 38 out of 50
{'epoch': 198, 'loss': '0.9900'}
{'Epoch': 198, 'HIT@5': '0.0505', 'NDCG@5': '0.0338', 'HIT@10': '0.0713', 'NDCG@10': '0.0405', 'HIT@20': '0.1055', 'NDCG@20': '0.0492'}
EarlyStopping counter: 39 out of 50
{'epoch': 199, 'loss': '0.9919'}
{'Epoch': 199, 'HIT@5': '0.0505', 'NDCG@5': '0.0351', 'HIT@10': '0.0747', 'NDCG@10': '0.0428', 'HIT@20': '0.1053', 'NDCG@20': '0.0506'}
EarlyStopping counter: 40 out of 50
{'epoch': 200, 'loss': '0.9904'}
{'Epoch': 200, 'HIT@5': '0.0485', 'NDCG@5': '0.0345', 'HIT@10': '0.0733', 'NDCG@10': '0.0425', 'HIT@20': '0.1047', 'NDCG@20': '0.0503'}
EarlyStopping counter: 41 out of 50
{'epoch': 201, 'loss': '0.9906'}
{'Epoch': 201, 'HIT@5': '0.0476', 'NDCG@5': '0.0327', 'HIT@10': '0.0758', 'NDCG@10': '0.0418', 'HIT@20': '0.1033', 'NDCG@20': '0.0487'}
EarlyStopping counter: 42 out of 50
{'epoch': 202, 'loss': '0.9900'}
{'Epoch': 202, 'HIT@5': '0.0479', 'NDCG@5': '0.0329', 'HIT@10': '0.0740', 'NDCG@10': '0.0414', 'HIT@20': '0.1060', 'NDCG@20': '0.0495'}
EarlyStopping counter: 43 out of 50
{'epoch': 203, 'loss': '0.9917'}
{'Epoch': 203, 'HIT@5': '0.0487', 'NDCG@5': '0.0336', 'HIT@10': '0.0760', 'NDCG@10': '0.0423', 'HIT@20': '0.1062', 'NDCG@20': '0.0499'}
EarlyStopping counter: 44 out of 50
{'epoch': 204, 'loss': '0.9890'}
{'Epoch': 204, 'HIT@5': '0.0492', 'NDCG@5': '0.0338', 'HIT@10': '0.0763', 'NDCG@10': '0.0425', 'HIT@20': '0.1053', 'NDCG@20': '0.0498'}
EarlyStopping counter: 45 out of 50
{'epoch': 205, 'loss': '0.9907'}
{'Epoch': 205, 'HIT@5': '0.0483', 'NDCG@5': '0.0334', 'HIT@10': '0.0740', 'NDCG@10': '0.0418', 'HIT@20': '0.1044', 'NDCG@20': '0.0495'}
EarlyStopping counter: 46 out of 50
{'epoch': 206, 'loss': '0.9885'}
{'Epoch': 206, 'HIT@5': '0.0456', 'NDCG@5': '0.0317', 'HIT@10': '0.0725', 'NDCG@10': '0.0403', 'HIT@20': '0.1047', 'NDCG@20': '0.0484'}
EarlyStopping counter: 47 out of 50
{'epoch': 207, 'loss': '0.9845'}
{'Epoch': 207, 'HIT@5': '0.0490', 'NDCG@5': '0.0333', 'HIT@10': '0.0745', 'NDCG@10': '0.0413', 'HIT@20': '0.1076', 'NDCG@20': '0.0497'}
EarlyStopping counter: 48 out of 50
{'epoch': 208, 'loss': '0.9889'}
{'Epoch': 208, 'HIT@5': '0.0463', 'NDCG@5': '0.0319', 'HIT@10': '0.0704', 'NDCG@10': '0.0396', 'HIT@20': '0.1044', 'NDCG@20': '0.0482'}
EarlyStopping counter: 49 out of 50
{'epoch': 209, 'loss': '0.9877'}
{'Epoch': 209, 'HIT@5': '0.0465', 'NDCG@5': '0.0315', 'HIT@10': '0.0713', 'NDCG@10': '0.0396', 'HIT@20': '0.1002', 'NDCG@20': '0.0469'}
EarlyStopping counter: 50 out of 50
Early stopping
---------------Change to test_rating_matrix!-------------------
{'Epoch': 0, 'HIT@5': '0.0496', 'NDCG@5': '0.0322', 'HIT@10': '0.0778', 'NDCG@10': '0.0413', 'HIT@20': '0.1055', 'NDCG@20': '0.0482'}
SASRec-Beauty-0
{'Epoch': 0, 'HIT@5': '0.0496', 'NDCG@5': '0.0322', 'HIT@10': '0.0778', 'NDCG@10': '0.0413', 'HIT@20': '0.1055', 'NDCG@20': '0.0482'}
N_100.xlsx
