Namespace(data_dir='./data/', output_dir='output/', data_name='Sports_and_Outdoors', do_eval=False, ckp=0, num_split=6, hidden_size=64, num_hidden_layers=2, hidden_act='gelu', hidden_dropout_prob=0.5, initializer_range=0.02, max_seq_length=50, backbone='SASRec', num_attention_heads=2, attention_probs_dropout_prob=0.5, d_state=32, d_conv=4, expand=2, embedding_size=64, num_TTT_heads=4, mini_batch_size=16, rope_theta=10000, lr=0.001, batch_size=1024, epochs=500, no_cuda=False, log_freq=1, seed=42, weight_decay=0.0, adam_beta1=0.9, adam_beta2=0.999, gpu_id='0', N=100, M=10, neg_sampler='DNS', loss_type='BCE', CL_type='Radical', start_epoch=0, K=0.05, cuda_condition=True, data_file='./data/Sports_and_Outdoors', item_size=18359, log_file='output/SASRec-Sports_and_Outdoors-0.txt')
neg_sampler:  DNS
Total Parameters: 1278272
{'epoch': 0, 'loss': '1.4510'}
{'Epoch': 0, 'HIT@5': '0.0044', 'NDCG@5': '0.0032', 'HIT@10': '0.0104', 'NDCG@10': '0.0050', 'HIT@20': '0.0176', 'NDCG@20': '0.0068'}
Validation score increased.  Saving model ...
{'epoch': 1, 'loss': '1.4020'}
{'Epoch': 1, 'HIT@5': '0.0048', 'NDCG@5': '0.0034', 'HIT@10': '0.0110', 'NDCG@10': '0.0053', 'HIT@20': '0.0183', 'NDCG@20': '0.0072'}
Validation score increased.  Saving model ...
{'epoch': 2, 'loss': '1.3912'}
{'Epoch': 2, 'HIT@5': '0.0049', 'NDCG@5': '0.0034', 'HIT@10': '0.0121', 'NDCG@10': '0.0057', 'HIT@20': '0.0184', 'NDCG@20': '0.0073'}
Validation score increased.  Saving model ...
{'epoch': 3, 'loss': '1.3876'}
{'Epoch': 3, 'HIT@5': '0.0048', 'NDCG@5': '0.0034', 'HIT@10': '0.0117', 'NDCG@10': '0.0055', 'HIT@20': '0.0184', 'NDCG@20': '0.0072'}
EarlyStopping counter: 1 out of 50
{'epoch': 4, 'loss': '1.3859'}
{'Epoch': 4, 'HIT@5': '0.0062', 'NDCG@5': '0.0042', 'HIT@10': '0.0129', 'NDCG@10': '0.0063', 'HIT@20': '0.0198', 'NDCG@20': '0.0081'}
Validation score increased.  Saving model ...
{'epoch': 5, 'loss': '1.3847'}
{'Epoch': 5, 'HIT@5': '0.0060', 'NDCG@5': '0.0041', 'HIT@10': '0.0132', 'NDCG@10': '0.0063', 'HIT@20': '0.0205', 'NDCG@20': '0.0082'}
Validation score increased.  Saving model ...
{'epoch': 6, 'loss': '1.3835'}
{'Epoch': 6, 'HIT@5': '0.0079', 'NDCG@5': '0.0060', 'HIT@10': '0.0132', 'NDCG@10': '0.0077', 'HIT@20': '0.0240', 'NDCG@20': '0.0104'}
Validation score increased.  Saving model ...
{'epoch': 7, 'loss': '1.3803'}
{'Epoch': 7, 'HIT@5': '0.0115', 'NDCG@5': '0.0081', 'HIT@10': '0.0194', 'NDCG@10': '0.0107', 'HIT@20': '0.0292', 'NDCG@20': '0.0132'}
Validation score increased.  Saving model ...
{'epoch': 8, 'loss': '1.3763'}
{'Epoch': 8, 'HIT@5': '0.0133', 'NDCG@5': '0.0092', 'HIT@10': '0.0249', 'NDCG@10': '0.0130', 'HIT@20': '0.0350', 'NDCG@20': '0.0155'}
Validation score increased.  Saving model ...
{'epoch': 9, 'loss': '1.3723'}
{'Epoch': 9, 'HIT@5': '0.0156', 'NDCG@5': '0.0101', 'HIT@10': '0.0253', 'NDCG@10': '0.0133', 'HIT@20': '0.0350', 'NDCG@20': '0.0157'}
Validation score increased.  Saving model ...
{'epoch': 10, 'loss': '1.3687'}
{'Epoch': 10, 'HIT@5': '0.0153', 'NDCG@5': '0.0102', 'HIT@10': '0.0261', 'NDCG@10': '0.0137', 'HIT@20': '0.0382', 'NDCG@20': '0.0167'}
Validation score increased.  Saving model ...
{'epoch': 11, 'loss': '1.3653'}
{'Epoch': 11, 'HIT@5': '0.0152', 'NDCG@5': '0.0100', 'HIT@10': '0.0249', 'NDCG@10': '0.0132', 'HIT@20': '0.0397', 'NDCG@20': '0.0170'}
Validation score increased.  Saving model ...
{'epoch': 12, 'loss': '1.3614'}
{'Epoch': 12, 'HIT@5': '0.0167', 'NDCG@5': '0.0107', 'HIT@10': '0.0263', 'NDCG@10': '0.0138', 'HIT@20': '0.0406', 'NDCG@20': '0.0174'}
Validation score increased.  Saving model ...
{'epoch': 13, 'loss': '1.3574'}
{'Epoch': 13, 'HIT@5': '0.0187', 'NDCG@5': '0.0118', 'HIT@10': '0.0268', 'NDCG@10': '0.0145', 'HIT@20': '0.0416', 'NDCG@20': '0.0182'}
Validation score increased.  Saving model ...
{'epoch': 14, 'loss': '1.3535'}
{'Epoch': 14, 'HIT@5': '0.0192', 'NDCG@5': '0.0125', 'HIT@10': '0.0279', 'NDCG@10': '0.0153', 'HIT@20': '0.0452', 'NDCG@20': '0.0196'}
Validation score increased.  Saving model ...
{'epoch': 15, 'loss': '1.3488'}
{'Epoch': 15, 'HIT@5': '0.0197', 'NDCG@5': '0.0132', 'HIT@10': '0.0306', 'NDCG@10': '0.0168', 'HIT@20': '0.0452', 'NDCG@20': '0.0204'}
Validation score increased.  Saving model ...
{'epoch': 16, 'loss': '1.3433'}
{'Epoch': 16, 'HIT@5': '0.0208', 'NDCG@5': '0.0134', 'HIT@10': '0.0308', 'NDCG@10': '0.0166', 'HIT@20': '0.0468', 'NDCG@20': '0.0206'}
Validation score increased.  Saving model ...
{'epoch': 17, 'loss': '1.3391'}
{'Epoch': 17, 'HIT@5': '0.0222', 'NDCG@5': '0.0145', 'HIT@10': '0.0313', 'NDCG@10': '0.0175', 'HIT@20': '0.0475', 'NDCG@20': '0.0215'}
Validation score increased.  Saving model ...
{'epoch': 18, 'loss': '1.3346'}
{'Epoch': 18, 'HIT@5': '0.0228', 'NDCG@5': '0.0148', 'HIT@10': '0.0331', 'NDCG@10': '0.0182', 'HIT@20': '0.0511', 'NDCG@20': '0.0227'}
Validation score increased.  Saving model ...
{'epoch': 19, 'loss': '1.3299'}
{'Epoch': 19, 'HIT@5': '0.0222', 'NDCG@5': '0.0147', 'HIT@10': '0.0336', 'NDCG@10': '0.0184', 'HIT@20': '0.0513', 'NDCG@20': '0.0228'}
Validation score increased.  Saving model ...
{'epoch': 20, 'loss': '1.3245'}
{'Epoch': 20, 'HIT@5': '0.0237', 'NDCG@5': '0.0157', 'HIT@10': '0.0338', 'NDCG@10': '0.0189', 'HIT@20': '0.0527', 'NDCG@20': '0.0236'}
Validation score increased.  Saving model ...
{'epoch': 21, 'loss': '1.3197'}
{'Epoch': 21, 'HIT@5': '0.0230', 'NDCG@5': '0.0152', 'HIT@10': '0.0338', 'NDCG@10': '0.0187', 'HIT@20': '0.0551', 'NDCG@20': '0.0240'}
Validation score increased.  Saving model ...
{'epoch': 22, 'loss': '1.3144'}
{'Epoch': 22, 'HIT@5': '0.0228', 'NDCG@5': '0.0156', 'HIT@10': '0.0343', 'NDCG@10': '0.0193', 'HIT@20': '0.0558', 'NDCG@20': '0.0247'}
Validation score increased.  Saving model ...
{'epoch': 23, 'loss': '1.3108'}
{'Epoch': 23, 'HIT@5': '0.0239', 'NDCG@5': '0.0161', 'HIT@10': '0.0367', 'NDCG@10': '0.0201', 'HIT@20': '0.0552', 'NDCG@20': '0.0248'}
Validation score increased.  Saving model ...
{'epoch': 24, 'loss': '1.3057'}
{'Epoch': 24, 'HIT@5': '0.0242', 'NDCG@5': '0.0162', 'HIT@10': '0.0368', 'NDCG@10': '0.0202', 'HIT@20': '0.0562', 'NDCG@20': '0.0251'}
Validation score increased.  Saving model ...
{'epoch': 25, 'loss': '1.3018'}
{'Epoch': 25, 'HIT@5': '0.0250', 'NDCG@5': '0.0171', 'HIT@10': '0.0361', 'NDCG@10': '0.0207', 'HIT@20': '0.0553', 'NDCG@20': '0.0255'}
Validation score increased.  Saving model ...
{'epoch': 26, 'loss': '1.2945'}
{'Epoch': 26, 'HIT@5': '0.0247', 'NDCG@5': '0.0166', 'HIT@10': '0.0386', 'NDCG@10': '0.0211', 'HIT@20': '0.0572', 'NDCG@20': '0.0257'}
Validation score increased.  Saving model ...
{'epoch': 27, 'loss': '1.2900'}
{'Epoch': 27, 'HIT@5': '0.0251', 'NDCG@5': '0.0168', 'HIT@10': '0.0383', 'NDCG@10': '0.0211', 'HIT@20': '0.0591', 'NDCG@20': '0.0262'}
Validation score increased.  Saving model ...
{'epoch': 28, 'loss': '1.2842'}
{'Epoch': 28, 'HIT@5': '0.0251', 'NDCG@5': '0.0168', 'HIT@10': '0.0376', 'NDCG@10': '0.0208', 'HIT@20': '0.0590', 'NDCG@20': '0.0262'}
EarlyStopping counter: 1 out of 50
{'epoch': 29, 'loss': '1.2795'}
{'Epoch': 29, 'HIT@5': '0.0254', 'NDCG@5': '0.0169', 'HIT@10': '0.0385', 'NDCG@10': '0.0211', 'HIT@20': '0.0579', 'NDCG@20': '0.0259'}
EarlyStopping counter: 2 out of 50
{'epoch': 30, 'loss': '1.2743'}
{'Epoch': 30, 'HIT@5': '0.0256', 'NDCG@5': '0.0174', 'HIT@10': '0.0382', 'NDCG@10': '0.0214', 'HIT@20': '0.0603', 'NDCG@20': '0.0269'}
Validation score increased.  Saving model ...
{'epoch': 31, 'loss': '1.2694'}
{'Epoch': 31, 'HIT@5': '0.0267', 'NDCG@5': '0.0177', 'HIT@10': '0.0403', 'NDCG@10': '0.0221', 'HIT@20': '0.0631', 'NDCG@20': '0.0278'}
Validation score increased.  Saving model ...
{'epoch': 32, 'loss': '1.2644'}
{'Epoch': 32, 'HIT@5': '0.0253', 'NDCG@5': '0.0165', 'HIT@10': '0.0397', 'NDCG@10': '0.0212', 'HIT@20': '0.0622', 'NDCG@20': '0.0268'}
EarlyStopping counter: 1 out of 50
{'epoch': 33, 'loss': '1.2594'}
{'Epoch': 33, 'HIT@5': '0.0264', 'NDCG@5': '0.0174', 'HIT@10': '0.0409', 'NDCG@10': '0.0220', 'HIT@20': '0.0660', 'NDCG@20': '0.0283'}
Validation score increased.  Saving model ...
{'epoch': 34, 'loss': '1.2540'}
{'Epoch': 34, 'HIT@5': '0.0261', 'NDCG@5': '0.0174', 'HIT@10': '0.0406', 'NDCG@10': '0.0220', 'HIT@20': '0.0646', 'NDCG@20': '0.0280'}
EarlyStopping counter: 1 out of 50
{'epoch': 35, 'loss': '1.2498'}
{'Epoch': 35, 'HIT@5': '0.0265', 'NDCG@5': '0.0177', 'HIT@10': '0.0403', 'NDCG@10': '0.0221', 'HIT@20': '0.0662', 'NDCG@20': '0.0286'}
Validation score increased.  Saving model ...
{'epoch': 36, 'loss': '1.2432'}
{'Epoch': 36, 'HIT@5': '0.0263', 'NDCG@5': '0.0174', 'HIT@10': '0.0421', 'NDCG@10': '0.0225', 'HIT@20': '0.0652', 'NDCG@20': '0.0282'}
EarlyStopping counter: 1 out of 50
{'epoch': 37, 'loss': '1.2385'}
{'Epoch': 37, 'HIT@5': '0.0265', 'NDCG@5': '0.0176', 'HIT@10': '0.0428', 'NDCG@10': '0.0229', 'HIT@20': '0.0660', 'NDCG@20': '0.0286'}
Validation score increased.  Saving model ...
{'epoch': 38, 'loss': '1.2333'}
{'Epoch': 38, 'HIT@5': '0.0264', 'NDCG@5': '0.0174', 'HIT@10': '0.0417', 'NDCG@10': '0.0223', 'HIT@20': '0.0652', 'NDCG@20': '0.0282'}
EarlyStopping counter: 1 out of 50
{'epoch': 39, 'loss': '1.2290'}
{'Epoch': 39, 'HIT@5': '0.0271', 'NDCG@5': '0.0175', 'HIT@10': '0.0406', 'NDCG@10': '0.0219', 'HIT@20': '0.0659', 'NDCG@20': '0.0282'}
EarlyStopping counter: 2 out of 50
{'epoch': 40, 'loss': '1.2230'}
{'Epoch': 40, 'HIT@5': '0.0272', 'NDCG@5': '0.0179', 'HIT@10': '0.0424', 'NDCG@10': '0.0228', 'HIT@20': '0.0669', 'NDCG@20': '0.0289'}
Validation score increased.  Saving model ...
{'epoch': 41, 'loss': '1.2172'}
{'Epoch': 41, 'HIT@5': '0.0284', 'NDCG@5': '0.0189', 'HIT@10': '0.0435', 'NDCG@10': '0.0237', 'HIT@20': '0.0674', 'NDCG@20': '0.0297'}
Validation score increased.  Saving model ...
{'epoch': 42, 'loss': '1.2114'}
{'Epoch': 42, 'HIT@5': '0.0282', 'NDCG@5': '0.0185', 'HIT@10': '0.0426', 'NDCG@10': '0.0232', 'HIT@20': '0.0666', 'NDCG@20': '0.0292'}
EarlyStopping counter: 1 out of 50
{'epoch': 43, 'loss': '1.2079'}
{'Epoch': 43, 'HIT@5': '0.0281', 'NDCG@5': '0.0183', 'HIT@10': '0.0433', 'NDCG@10': '0.0232', 'HIT@20': '0.0640', 'NDCG@20': '0.0284'}
EarlyStopping counter: 2 out of 50
{'epoch': 44, 'loss': '1.2043'}
{'Epoch': 44, 'HIT@5': '0.0291', 'NDCG@5': '0.0188', 'HIT@10': '0.0434', 'NDCG@10': '0.0234', 'HIT@20': '0.0631', 'NDCG@20': '0.0283'}
EarlyStopping counter: 3 out of 50
{'epoch': 45, 'loss': '1.1999'}
{'Epoch': 45, 'HIT@5': '0.0282', 'NDCG@5': '0.0185', 'HIT@10': '0.0431', 'NDCG@10': '0.0232', 'HIT@20': '0.0673', 'NDCG@20': '0.0292'}
EarlyStopping counter: 4 out of 50
{'epoch': 46, 'loss': '1.1933'}
{'Epoch': 46, 'HIT@5': '0.0289', 'NDCG@5': '0.0184', 'HIT@10': '0.0424', 'NDCG@10': '0.0227', 'HIT@20': '0.0670', 'NDCG@20': '0.0289'}
EarlyStopping counter: 5 out of 50
{'epoch': 47, 'loss': '1.1899'}
{'Epoch': 47, 'HIT@5': '0.0278', 'NDCG@5': '0.0179', 'HIT@10': '0.0431', 'NDCG@10': '0.0229', 'HIT@20': '0.0635', 'NDCG@20': '0.0280'}
EarlyStopping counter: 6 out of 50
{'epoch': 48, 'loss': '1.1844'}
{'Epoch': 48, 'HIT@5': '0.0282', 'NDCG@5': '0.0181', 'HIT@10': '0.0416', 'NDCG@10': '0.0224', 'HIT@20': '0.0633', 'NDCG@20': '0.0279'}
EarlyStopping counter: 7 out of 50
{'epoch': 49, 'loss': '1.1820'}
{'Epoch': 49, 'HIT@5': '0.0278', 'NDCG@5': '0.0179', 'HIT@10': '0.0423', 'NDCG@10': '0.0226', 'HIT@20': '0.0636', 'NDCG@20': '0.0280'}
EarlyStopping counter: 8 out of 50
{'epoch': 50, 'loss': '1.1753'}
{'Epoch': 50, 'HIT@5': '0.0271', 'NDCG@5': '0.0181', 'HIT@10': '0.0438', 'NDCG@10': '0.0236', 'HIT@20': '0.0669', 'NDCG@20': '0.0293'}
EarlyStopping counter: 9 out of 50
{'epoch': 51, 'loss': '1.1701'}
{'Epoch': 51, 'HIT@5': '0.0267', 'NDCG@5': '0.0176', 'HIT@10': '0.0458', 'NDCG@10': '0.0238', 'HIT@20': '0.0667', 'NDCG@20': '0.0290'}
EarlyStopping counter: 10 out of 50
{'epoch': 52, 'loss': '1.1684'}
{'Epoch': 52, 'HIT@5': '0.0291', 'NDCG@5': '0.0190', 'HIT@10': '0.0449', 'NDCG@10': '0.0241', 'HIT@20': '0.0670', 'NDCG@20': '0.0297'}
EarlyStopping counter: 11 out of 50
{'epoch': 53, 'loss': '1.1648'}
{'Epoch': 53, 'HIT@5': '0.0298', 'NDCG@5': '0.0197', 'HIT@10': '0.0452', 'NDCG@10': '0.0246', 'HIT@20': '0.0667', 'NDCG@20': '0.0300'}
Validation score increased.  Saving model ...
{'epoch': 54, 'loss': '1.1619'}
{'Epoch': 54, 'HIT@5': '0.0301', 'NDCG@5': '0.0194', 'HIT@10': '0.0458', 'NDCG@10': '0.0245', 'HIT@20': '0.0667', 'NDCG@20': '0.0297'}
EarlyStopping counter: 1 out of 50
{'epoch': 55, 'loss': '1.1594'}
{'Epoch': 55, 'HIT@5': '0.0301', 'NDCG@5': '0.0200', 'HIT@10': '0.0469', 'NDCG@10': '0.0254', 'HIT@20': '0.0663', 'NDCG@20': '0.0302'}
Validation score increased.  Saving model ...
{'epoch': 56, 'loss': '1.1532'}
{'Epoch': 56, 'HIT@5': '0.0302', 'NDCG@5': '0.0200', 'HIT@10': '0.0455', 'NDCG@10': '0.0249', 'HIT@20': '0.0673', 'NDCG@20': '0.0304'}
Validation score increased.  Saving model ...
{'epoch': 57, 'loss': '1.1476'}
{'Epoch': 57, 'HIT@5': '0.0295', 'NDCG@5': '0.0197', 'HIT@10': '0.0448', 'NDCG@10': '0.0246', 'HIT@20': '0.0663', 'NDCG@20': '0.0300'}
EarlyStopping counter: 1 out of 50
{'epoch': 58, 'loss': '1.1467'}
{'Epoch': 58, 'HIT@5': '0.0285', 'NDCG@5': '0.0190', 'HIT@10': '0.0448', 'NDCG@10': '0.0243', 'HIT@20': '0.0639', 'NDCG@20': '0.0291'}
EarlyStopping counter: 2 out of 50
{'epoch': 59, 'loss': '1.1408'}
{'Epoch': 59, 'HIT@5': '0.0302', 'NDCG@5': '0.0205', 'HIT@10': '0.0452', 'NDCG@10': '0.0253', 'HIT@20': '0.0646', 'NDCG@20': '0.0302'}
EarlyStopping counter: 3 out of 50
{'epoch': 60, 'loss': '1.1413'}
{'Epoch': 60, 'HIT@5': '0.0294', 'NDCG@5': '0.0199', 'HIT@10': '0.0447', 'NDCG@10': '0.0249', 'HIT@20': '0.0660', 'NDCG@20': '0.0303'}
EarlyStopping counter: 4 out of 50
{'epoch': 61, 'loss': '1.1369'}
{'Epoch': 61, 'HIT@5': '0.0288', 'NDCG@5': '0.0194', 'HIT@10': '0.0445', 'NDCG@10': '0.0244', 'HIT@20': '0.0649', 'NDCG@20': '0.0296'}
EarlyStopping counter: 5 out of 50
{'epoch': 62, 'loss': '1.1338'}
{'Epoch': 62, 'HIT@5': '0.0292', 'NDCG@5': '0.0194', 'HIT@10': '0.0448', 'NDCG@10': '0.0245', 'HIT@20': '0.0631', 'NDCG@20': '0.0291'}
EarlyStopping counter: 6 out of 50
{'epoch': 63, 'loss': '1.1297'}
{'Epoch': 63, 'HIT@5': '0.0303', 'NDCG@5': '0.0200', 'HIT@10': '0.0462', 'NDCG@10': '0.0251', 'HIT@20': '0.0646', 'NDCG@20': '0.0297'}
EarlyStopping counter: 7 out of 50
{'epoch': 64, 'loss': '1.1276'}
{'Epoch': 64, 'HIT@5': '0.0287', 'NDCG@5': '0.0194', 'HIT@10': '0.0455', 'NDCG@10': '0.0249', 'HIT@20': '0.0639', 'NDCG@20': '0.0295'}
EarlyStopping counter: 8 out of 50
{'epoch': 65, 'loss': '1.1241'}
{'Epoch': 65, 'HIT@5': '0.0306', 'NDCG@5': '0.0202', 'HIT@10': '0.0461', 'NDCG@10': '0.0251', 'HIT@20': '0.0663', 'NDCG@20': '0.0302'}
EarlyStopping counter: 9 out of 50
{'epoch': 66, 'loss': '1.1209'}
{'Epoch': 66, 'HIT@5': '0.0301', 'NDCG@5': '0.0195', 'HIT@10': '0.0469', 'NDCG@10': '0.0250', 'HIT@20': '0.0642', 'NDCG@20': '0.0293'}
EarlyStopping counter: 10 out of 50
{'epoch': 67, 'loss': '1.1183'}
{'Epoch': 67, 'HIT@5': '0.0306', 'NDCG@5': '0.0198', 'HIT@10': '0.0461', 'NDCG@10': '0.0248', 'HIT@20': '0.0647', 'NDCG@20': '0.0294'}
EarlyStopping counter: 11 out of 50
{'epoch': 68, 'loss': '1.1162'}
{'Epoch': 68, 'HIT@5': '0.0312', 'NDCG@5': '0.0204', 'HIT@10': '0.0451', 'NDCG@10': '0.0248', 'HIT@20': '0.0636', 'NDCG@20': '0.0295'}
EarlyStopping counter: 12 out of 50
{'epoch': 69, 'loss': '1.1133'}
{'Epoch': 69, 'HIT@5': '0.0310', 'NDCG@5': '0.0205', 'HIT@10': '0.0454', 'NDCG@10': '0.0250', 'HIT@20': '0.0656', 'NDCG@20': '0.0301'}
EarlyStopping counter: 13 out of 50
{'epoch': 70, 'loss': '1.1089'}
{'Epoch': 70, 'HIT@5': '0.0301', 'NDCG@5': '0.0201', 'HIT@10': '0.0445', 'NDCG@10': '0.0248', 'HIT@20': '0.0640', 'NDCG@20': '0.0296'}
EarlyStopping counter: 14 out of 50
{'epoch': 71, 'loss': '1.1079'}
{'Epoch': 71, 'HIT@5': '0.0295', 'NDCG@5': '0.0198', 'HIT@10': '0.0462', 'NDCG@10': '0.0252', 'HIT@20': '0.0678', 'NDCG@20': '0.0306'}
Validation score increased.  Saving model ...
{'epoch': 72, 'loss': '1.1051'}
{'Epoch': 72, 'HIT@5': '0.0294', 'NDCG@5': '0.0197', 'HIT@10': '0.0452', 'NDCG@10': '0.0248', 'HIT@20': '0.0676', 'NDCG@20': '0.0305'}
EarlyStopping counter: 1 out of 50
{'epoch': 73, 'loss': '1.1041'}
{'Epoch': 73, 'HIT@5': '0.0291', 'NDCG@5': '0.0197', 'HIT@10': '0.0452', 'NDCG@10': '0.0249', 'HIT@20': '0.0657', 'NDCG@20': '0.0300'}
EarlyStopping counter: 2 out of 50
{'epoch': 74, 'loss': '1.1031'}
{'Epoch': 74, 'HIT@5': '0.0299', 'NDCG@5': '0.0198', 'HIT@10': '0.0449', 'NDCG@10': '0.0247', 'HIT@20': '0.0659', 'NDCG@20': '0.0299'}
EarlyStopping counter: 3 out of 50
{'epoch': 75, 'loss': '1.0976'}
{'Epoch': 75, 'HIT@5': '0.0292', 'NDCG@5': '0.0194', 'HIT@10': '0.0462', 'NDCG@10': '0.0248', 'HIT@20': '0.0653', 'NDCG@20': '0.0296'}
EarlyStopping counter: 4 out of 50
{'epoch': 76, 'loss': '1.0952'}
{'Epoch': 76, 'HIT@5': '0.0294', 'NDCG@5': '0.0191', 'HIT@10': '0.0451', 'NDCG@10': '0.0242', 'HIT@20': '0.0664', 'NDCG@20': '0.0296'}
EarlyStopping counter: 5 out of 50
{'epoch': 77, 'loss': '1.0951'}
{'Epoch': 77, 'HIT@5': '0.0292', 'NDCG@5': '0.0196', 'HIT@10': '0.0447', 'NDCG@10': '0.0246', 'HIT@20': '0.0666', 'NDCG@20': '0.0301'}
EarlyStopping counter: 6 out of 50
{'epoch': 78, 'loss': '1.0917'}
{'Epoch': 78, 'HIT@5': '0.0310', 'NDCG@5': '0.0201', 'HIT@10': '0.0438', 'NDCG@10': '0.0243', 'HIT@20': '0.0649', 'NDCG@20': '0.0296'}
EarlyStopping counter: 7 out of 50
{'epoch': 79, 'loss': '1.0893'}
{'Epoch': 79, 'HIT@5': '0.0312', 'NDCG@5': '0.0205', 'HIT@10': '0.0458', 'NDCG@10': '0.0252', 'HIT@20': '0.0649', 'NDCG@20': '0.0300'}
EarlyStopping counter: 8 out of 50
{'epoch': 80, 'loss': '1.0877'}
{'Epoch': 80, 'HIT@5': '0.0296', 'NDCG@5': '0.0194', 'HIT@10': '0.0459', 'NDCG@10': '0.0247', 'HIT@20': '0.0656', 'NDCG@20': '0.0295'}
EarlyStopping counter: 9 out of 50
{'epoch': 81, 'loss': '1.0864'}
{'Epoch': 81, 'HIT@5': '0.0302', 'NDCG@5': '0.0203', 'HIT@10': '0.0452', 'NDCG@10': '0.0252', 'HIT@20': '0.0662', 'NDCG@20': '0.0304'}
EarlyStopping counter: 10 out of 50
{'epoch': 82, 'loss': '1.0838'}
{'Epoch': 82, 'HIT@5': '0.0302', 'NDCG@5': '0.0196', 'HIT@10': '0.0449', 'NDCG@10': '0.0244', 'HIT@20': '0.0650', 'NDCG@20': '0.0294'}
EarlyStopping counter: 11 out of 50
{'epoch': 83, 'loss': '1.0803'}
{'Epoch': 83, 'HIT@5': '0.0305', 'NDCG@5': '0.0201', 'HIT@10': '0.0455', 'NDCG@10': '0.0249', 'HIT@20': '0.0639', 'NDCG@20': '0.0296'}
EarlyStopping counter: 12 out of 50
{'epoch': 84, 'loss': '1.0801'}
{'Epoch': 84, 'HIT@5': '0.0295', 'NDCG@5': '0.0197', 'HIT@10': '0.0447', 'NDCG@10': '0.0246', 'HIT@20': '0.0649', 'NDCG@20': '0.0296'}
EarlyStopping counter: 13 out of 50
{'epoch': 85, 'loss': '1.0776'}
{'Epoch': 85, 'HIT@5': '0.0309', 'NDCG@5': '0.0205', 'HIT@10': '0.0442', 'NDCG@10': '0.0248', 'HIT@20': '0.0653', 'NDCG@20': '0.0301'}
EarlyStopping counter: 14 out of 50
{'epoch': 86, 'loss': '1.0765'}
{'Epoch': 86, 'HIT@5': '0.0308', 'NDCG@5': '0.0212', 'HIT@10': '0.0458', 'NDCG@10': '0.0261', 'HIT@20': '0.0653', 'NDCG@20': '0.0309'}
Validation score increased.  Saving model ...
{'epoch': 87, 'loss': '1.0743'}
{'Epoch': 87, 'HIT@5': '0.0309', 'NDCG@5': '0.0207', 'HIT@10': '0.0461', 'NDCG@10': '0.0255', 'HIT@20': '0.0639', 'NDCG@20': '0.0300'}
EarlyStopping counter: 1 out of 50
{'epoch': 88, 'loss': '1.0720'}
{'Epoch': 88, 'HIT@5': '0.0295', 'NDCG@5': '0.0202', 'HIT@10': '0.0447', 'NDCG@10': '0.0251', 'HIT@20': '0.0632', 'NDCG@20': '0.0298'}
EarlyStopping counter: 2 out of 50
{'epoch': 89, 'loss': '1.0714'}
{'Epoch': 89, 'HIT@5': '0.0301', 'NDCG@5': '0.0204', 'HIT@10': '0.0455', 'NDCG@10': '0.0254', 'HIT@20': '0.0647', 'NDCG@20': '0.0302'}
EarlyStopping counter: 3 out of 50
{'epoch': 90, 'loss': '1.0688'}
{'Epoch': 90, 'HIT@5': '0.0303', 'NDCG@5': '0.0206', 'HIT@10': '0.0445', 'NDCG@10': '0.0251', 'HIT@20': '0.0622', 'NDCG@20': '0.0296'}
EarlyStopping counter: 4 out of 50
{'epoch': 91, 'loss': '1.0684'}
{'Epoch': 91, 'HIT@5': '0.0305', 'NDCG@5': '0.0204', 'HIT@10': '0.0431', 'NDCG@10': '0.0245', 'HIT@20': '0.0647', 'NDCG@20': '0.0299'}
EarlyStopping counter: 5 out of 50
{'epoch': 92, 'loss': '1.0645'}
{'Epoch': 92, 'HIT@5': '0.0308', 'NDCG@5': '0.0206', 'HIT@10': '0.0448', 'NDCG@10': '0.0252', 'HIT@20': '0.0619', 'NDCG@20': '0.0294'}
EarlyStopping counter: 6 out of 50
{'epoch': 93, 'loss': '1.0654'}
{'Epoch': 93, 'HIT@5': '0.0298', 'NDCG@5': '0.0208', 'HIT@10': '0.0449', 'NDCG@10': '0.0257', 'HIT@20': '0.0639', 'NDCG@20': '0.0304'}
EarlyStopping counter: 7 out of 50
{'epoch': 94, 'loss': '1.0623'}
{'Epoch': 94, 'HIT@5': '0.0299', 'NDCG@5': '0.0207', 'HIT@10': '0.0454', 'NDCG@10': '0.0257', 'HIT@20': '0.0635', 'NDCG@20': '0.0303'}
EarlyStopping counter: 8 out of 50
{'epoch': 95, 'loss': '1.0589'}
{'Epoch': 95, 'HIT@5': '0.0287', 'NDCG@5': '0.0199', 'HIT@10': '0.0444', 'NDCG@10': '0.0250', 'HIT@20': '0.0632', 'NDCG@20': '0.0298'}
EarlyStopping counter: 9 out of 50
{'epoch': 96, 'loss': '1.0613'}
{'Epoch': 96, 'HIT@5': '0.0299', 'NDCG@5': '0.0200', 'HIT@10': '0.0452', 'NDCG@10': '0.0250', 'HIT@20': '0.0635', 'NDCG@20': '0.0296'}
EarlyStopping counter: 10 out of 50
{'epoch': 97, 'loss': '1.0593'}
{'Epoch': 97, 'HIT@5': '0.0294', 'NDCG@5': '0.0196', 'HIT@10': '0.0440', 'NDCG@10': '0.0243', 'HIT@20': '0.0618', 'NDCG@20': '0.0288'}
EarlyStopping counter: 11 out of 50
{'epoch': 98, 'loss': '1.0579'}
{'Epoch': 98, 'HIT@5': '0.0309', 'NDCG@5': '0.0204', 'HIT@10': '0.0444', 'NDCG@10': '0.0249', 'HIT@20': '0.0645', 'NDCG@20': '0.0299'}
EarlyStopping counter: 12 out of 50
{'epoch': 99, 'loss': '1.0547'}
{'Epoch': 99, 'HIT@5': '0.0301', 'NDCG@5': '0.0203', 'HIT@10': '0.0444', 'NDCG@10': '0.0250', 'HIT@20': '0.0625', 'NDCG@20': '0.0295'}
EarlyStopping counter: 13 out of 50
{'epoch': 100, 'loss': '1.0544'}
{'Epoch': 100, 'HIT@5': '0.0301', 'NDCG@5': '0.0206', 'HIT@10': '0.0452', 'NDCG@10': '0.0256', 'HIT@20': '0.0639', 'NDCG@20': '0.0302'}
EarlyStopping counter: 14 out of 50
{'epoch': 101, 'loss': '1.0537'}
{'Epoch': 101, 'HIT@5': '0.0317', 'NDCG@5': '0.0214', 'HIT@10': '0.0444', 'NDCG@10': '0.0255', 'HIT@20': '0.0638', 'NDCG@20': '0.0305'}
EarlyStopping counter: 15 out of 50
{'epoch': 102, 'loss': '1.0521'}
{'Epoch': 102, 'HIT@5': '0.0292', 'NDCG@5': '0.0199', 'HIT@10': '0.0440', 'NDCG@10': '0.0247', 'HIT@20': '0.0617', 'NDCG@20': '0.0291'}
EarlyStopping counter: 16 out of 50
{'epoch': 103, 'loss': '1.0514'}
{'Epoch': 103, 'HIT@5': '0.0287', 'NDCG@5': '0.0194', 'HIT@10': '0.0444', 'NDCG@10': '0.0245', 'HIT@20': '0.0619', 'NDCG@20': '0.0289'}
EarlyStopping counter: 17 out of 50
{'epoch': 104, 'loss': '1.0519'}
{'Epoch': 104, 'HIT@5': '0.0301', 'NDCG@5': '0.0202', 'HIT@10': '0.0433', 'NDCG@10': '0.0244', 'HIT@20': '0.0626', 'NDCG@20': '0.0293'}
EarlyStopping counter: 18 out of 50
{'epoch': 105, 'loss': '1.0507'}
{'Epoch': 105, 'HIT@5': '0.0305', 'NDCG@5': '0.0205', 'HIT@10': '0.0433', 'NDCG@10': '0.0246', 'HIT@20': '0.0628', 'NDCG@20': '0.0295'}
EarlyStopping counter: 19 out of 50
{'epoch': 106, 'loss': '1.0486'}
{'Epoch': 106, 'HIT@5': '0.0313', 'NDCG@5': '0.0208', 'HIT@10': '0.0441', 'NDCG@10': '0.0249', 'HIT@20': '0.0611', 'NDCG@20': '0.0292'}
EarlyStopping counter: 20 out of 50
{'epoch': 107, 'loss': '1.0465'}
{'Epoch': 107, 'HIT@5': '0.0299', 'NDCG@5': '0.0206', 'HIT@10': '0.0430', 'NDCG@10': '0.0249', 'HIT@20': '0.0619', 'NDCG@20': '0.0296'}
EarlyStopping counter: 21 out of 50
{'epoch': 108, 'loss': '1.0453'}
{'Epoch': 108, 'HIT@5': '0.0312', 'NDCG@5': '0.0208', 'HIT@10': '0.0447', 'NDCG@10': '0.0251', 'HIT@20': '0.0614', 'NDCG@20': '0.0293'}
EarlyStopping counter: 22 out of 50
{'epoch': 109, 'loss': '1.0468'}
{'Epoch': 109, 'HIT@5': '0.0327', 'NDCG@5': '0.0217', 'HIT@10': '0.0442', 'NDCG@10': '0.0253', 'HIT@20': '0.0608', 'NDCG@20': '0.0295'}
EarlyStopping counter: 23 out of 50
{'epoch': 110, 'loss': '1.0435'}
{'Epoch': 110, 'HIT@5': '0.0294', 'NDCG@5': '0.0201', 'HIT@10': '0.0433', 'NDCG@10': '0.0247', 'HIT@20': '0.0593', 'NDCG@20': '0.0287'}
EarlyStopping counter: 24 out of 50
{'epoch': 111, 'loss': '1.0427'}
{'Epoch': 111, 'HIT@5': '0.0303', 'NDCG@5': '0.0205', 'HIT@10': '0.0419', 'NDCG@10': '0.0243', 'HIT@20': '0.0584', 'NDCG@20': '0.0285'}
EarlyStopping counter: 25 out of 50
{'epoch': 112, 'loss': '1.0415'}
{'Epoch': 112, 'HIT@5': '0.0306', 'NDCG@5': '0.0208', 'HIT@10': '0.0427', 'NDCG@10': '0.0247', 'HIT@20': '0.0604', 'NDCG@20': '0.0291'}
EarlyStopping counter: 26 out of 50
{'epoch': 113, 'loss': '1.0431'}
{'Epoch': 113, 'HIT@5': '0.0294', 'NDCG@5': '0.0205', 'HIT@10': '0.0424', 'NDCG@10': '0.0247', 'HIT@20': '0.0601', 'NDCG@20': '0.0291'}
EarlyStopping counter: 27 out of 50
{'epoch': 114, 'loss': '1.0411'}
{'Epoch': 114, 'HIT@5': '0.0294', 'NDCG@5': '0.0199', 'HIT@10': '0.0427', 'NDCG@10': '0.0243', 'HIT@20': '0.0605', 'NDCG@20': '0.0287'}
EarlyStopping counter: 28 out of 50
{'epoch': 115, 'loss': '1.0405'}
{'Epoch': 115, 'HIT@5': '0.0316', 'NDCG@5': '0.0214', 'HIT@10': '0.0449', 'NDCG@10': '0.0257', 'HIT@20': '0.0615', 'NDCG@20': '0.0299'}
EarlyStopping counter: 29 out of 50
{'epoch': 116, 'loss': '1.0383'}
{'Epoch': 116, 'HIT@5': '0.0299', 'NDCG@5': '0.0205', 'HIT@10': '0.0434', 'NDCG@10': '0.0248', 'HIT@20': '0.0608', 'NDCG@20': '0.0292'}
EarlyStopping counter: 30 out of 50
{'epoch': 117, 'loss': '1.0353'}
{'Epoch': 117, 'HIT@5': '0.0302', 'NDCG@5': '0.0205', 'HIT@10': '0.0434', 'NDCG@10': '0.0248', 'HIT@20': '0.0614', 'NDCG@20': '0.0293'}
EarlyStopping counter: 31 out of 50
{'epoch': 118, 'loss': '1.0365'}
{'Epoch': 118, 'HIT@5': '0.0295', 'NDCG@5': '0.0200', 'HIT@10': '0.0440', 'NDCG@10': '0.0248', 'HIT@20': '0.0603', 'NDCG@20': '0.0289'}
EarlyStopping counter: 32 out of 50
{'epoch': 119, 'loss': '1.0340'}
{'Epoch': 119, 'HIT@5': '0.0301', 'NDCG@5': '0.0202', 'HIT@10': '0.0442', 'NDCG@10': '0.0248', 'HIT@20': '0.0594', 'NDCG@20': '0.0286'}
EarlyStopping counter: 33 out of 50
{'epoch': 120, 'loss': '1.0362'}
{'Epoch': 120, 'HIT@5': '0.0303', 'NDCG@5': '0.0207', 'HIT@10': '0.0434', 'NDCG@10': '0.0248', 'HIT@20': '0.0603', 'NDCG@20': '0.0291'}
EarlyStopping counter: 34 out of 50
{'epoch': 121, 'loss': '1.0334'}
{'Epoch': 121, 'HIT@5': '0.0298', 'NDCG@5': '0.0202', 'HIT@10': '0.0442', 'NDCG@10': '0.0248', 'HIT@20': '0.0614', 'NDCG@20': '0.0291'}
EarlyStopping counter: 35 out of 50
{'epoch': 122, 'loss': '1.0314'}
{'Epoch': 122, 'HIT@5': '0.0292', 'NDCG@5': '0.0198', 'HIT@10': '0.0433', 'NDCG@10': '0.0243', 'HIT@20': '0.0615', 'NDCG@20': '0.0289'}
EarlyStopping counter: 36 out of 50
{'epoch': 123, 'loss': '1.0293'}
{'Epoch': 123, 'HIT@5': '0.0294', 'NDCG@5': '0.0199', 'HIT@10': '0.0427', 'NDCG@10': '0.0242', 'HIT@20': '0.0598', 'NDCG@20': '0.0285'}
EarlyStopping counter: 37 out of 50
{'epoch': 124, 'loss': '1.0303'}
{'Epoch': 124, 'HIT@5': '0.0302', 'NDCG@5': '0.0204', 'HIT@10': '0.0437', 'NDCG@10': '0.0248', 'HIT@20': '0.0597', 'NDCG@20': '0.0288'}
EarlyStopping counter: 38 out of 50
{'epoch': 125, 'loss': '1.0315'}
{'Epoch': 125, 'HIT@5': '0.0295', 'NDCG@5': '0.0201', 'HIT@10': '0.0430', 'NDCG@10': '0.0244', 'HIT@20': '0.0596', 'NDCG@20': '0.0286'}
EarlyStopping counter: 39 out of 50
{'epoch': 126, 'loss': '1.0293'}
{'Epoch': 126, 'HIT@5': '0.0289', 'NDCG@5': '0.0201', 'HIT@10': '0.0412', 'NDCG@10': '0.0241', 'HIT@20': '0.0598', 'NDCG@20': '0.0287'}
EarlyStopping counter: 40 out of 50
{'epoch': 127, 'loss': '1.0296'}
{'Epoch': 127, 'HIT@5': '0.0284', 'NDCG@5': '0.0198', 'HIT@10': '0.0431', 'NDCG@10': '0.0245', 'HIT@20': '0.0603', 'NDCG@20': '0.0288'}
EarlyStopping counter: 41 out of 50
{'epoch': 128, 'loss': '1.0261'}
{'Epoch': 128, 'HIT@5': '0.0298', 'NDCG@5': '0.0201', 'HIT@10': '0.0438', 'NDCG@10': '0.0247', 'HIT@20': '0.0626', 'NDCG@20': '0.0294'}
EarlyStopping counter: 42 out of 50
{'epoch': 129, 'loss': '1.0267'}
{'Epoch': 129, 'HIT@5': '0.0308', 'NDCG@5': '0.0213', 'HIT@10': '0.0447', 'NDCG@10': '0.0258', 'HIT@20': '0.0622', 'NDCG@20': '0.0303'}
EarlyStopping counter: 43 out of 50
{'epoch': 130, 'loss': '1.0266'}
{'Epoch': 130, 'HIT@5': '0.0313', 'NDCG@5': '0.0213', 'HIT@10': '0.0448', 'NDCG@10': '0.0256', 'HIT@20': '0.0615', 'NDCG@20': '0.0298'}
EarlyStopping counter: 44 out of 50
{'epoch': 131, 'loss': '1.0214'}
{'Epoch': 131, 'HIT@5': '0.0301', 'NDCG@5': '0.0204', 'HIT@10': '0.0426', 'NDCG@10': '0.0244', 'HIT@20': '0.0601', 'NDCG@20': '0.0289'}
EarlyStopping counter: 45 out of 50
{'epoch': 132, 'loss': '1.0239'}
{'Epoch': 132, 'HIT@5': '0.0292', 'NDCG@5': '0.0200', 'HIT@10': '0.0442', 'NDCG@10': '0.0248', 'HIT@20': '0.0604', 'NDCG@20': '0.0289'}
EarlyStopping counter: 46 out of 50
{'epoch': 133, 'loss': '1.0214'}
{'Epoch': 133, 'HIT@5': '0.0313', 'NDCG@5': '0.0208', 'HIT@10': '0.0433', 'NDCG@10': '0.0247', 'HIT@20': '0.0608', 'NDCG@20': '0.0291'}
EarlyStopping counter: 47 out of 50
{'epoch': 134, 'loss': '1.0223'}
{'Epoch': 134, 'HIT@5': '0.0301', 'NDCG@5': '0.0199', 'HIT@10': '0.0410', 'NDCG@10': '0.0234', 'HIT@20': '0.0608', 'NDCG@20': '0.0285'}
EarlyStopping counter: 48 out of 50
{'epoch': 135, 'loss': '1.0229'}
{'Epoch': 135, 'HIT@5': '0.0305', 'NDCG@5': '0.0203', 'HIT@10': '0.0447', 'NDCG@10': '0.0248', 'HIT@20': '0.0600', 'NDCG@20': '0.0287'}
EarlyStopping counter: 49 out of 50
{'epoch': 136, 'loss': '1.0194'}
{'Epoch': 136, 'HIT@5': '0.0303', 'NDCG@5': '0.0204', 'HIT@10': '0.0423', 'NDCG@10': '0.0243', 'HIT@20': '0.0611', 'NDCG@20': '0.0291'}
EarlyStopping counter: 50 out of 50
Early stopping
---------------Change to test_rating_matrix!-------------------
{'Epoch': 0, 'HIT@5': '0.0289', 'NDCG@5': '0.0200', 'HIT@10': '0.0461', 'NDCG@10': '0.0255', 'HIT@20': '0.0621', 'NDCG@20': '0.0295'}
SASRec-Sports_and_Outdoors-0
{'Epoch': 0, 'HIT@5': '0.0289', 'NDCG@5': '0.0200', 'HIT@10': '0.0461', 'NDCG@10': '0.0255', 'HIT@20': '0.0621', 'NDCG@20': '0.0295'}
N_100.xlsx
