Namespace(data_dir='./data/', output_dir='output/', data_name='Toys_and_Games', do_eval=False, ckp=0, num_split=6, hidden_size=64, num_hidden_layers=2, hidden_act='gelu', hidden_dropout_prob=0.5, initializer_range=0.02, max_seq_length=50, backbone='SASRec', num_attention_heads=2, attention_probs_dropout_prob=0.5, d_state=32, d_conv=4, expand=2, embedding_size=64, num_TTT_heads=4, mini_batch_size=16, rope_theta=10000, lr=0.001, batch_size=1024, epochs=500, no_cuda=False, log_freq=1, seed=42, weight_decay=0.0, adam_beta1=0.9, adam_beta2=0.999, gpu_id='0', N=100, M=10, neg_sampler='DNS', loss_type='BCE', CL_type='Radical', start_epoch=0, K=0.05, cuda_condition=True, data_file='./data/Toys_and_Games', item_size=11926, log_file='output/SASRec-Toys_and_Games-0.txt')
neg_sampler:  DNS
Total Parameters: 866560
{'epoch': 0, 'loss': '1.4715'}
{'Epoch': 0, 'HIT@5': '0.0067', 'NDCG@5': '0.0041', 'HIT@10': '0.0106', 'NDCG@10': '0.0053', 'HIT@20': '0.0175', 'NDCG@20': '0.0071'}
Validation score increased.  Saving model ...
{'epoch': 1, 'loss': '1.4257'}
{'Epoch': 1, 'HIT@5': '0.0098', 'NDCG@5': '0.0055', 'HIT@10': '0.0129', 'NDCG@10': '0.0064', 'HIT@20': '0.0198', 'NDCG@20': '0.0081'}
Validation score increased.  Saving model ...
{'epoch': 2, 'loss': '1.4078'}
{'Epoch': 2, 'HIT@5': '0.0093', 'NDCG@5': '0.0046', 'HIT@10': '0.0134', 'NDCG@10': '0.0059', 'HIT@20': '0.0224', 'NDCG@20': '0.0082'}
Validation score increased.  Saving model ...
{'epoch': 3, 'loss': '1.3982'}
{'Epoch': 3, 'HIT@5': '0.0100', 'NDCG@5': '0.0050', 'HIT@10': '0.0142', 'NDCG@10': '0.0064', 'HIT@20': '0.0222', 'NDCG@20': '0.0084'}
Validation score increased.  Saving model ...
{'epoch': 4, 'loss': '1.3931'}
{'Epoch': 4, 'HIT@5': '0.0126', 'NDCG@5': '0.0080', 'HIT@10': '0.0157', 'NDCG@10': '0.0090', 'HIT@20': '0.0227', 'NDCG@20': '0.0107'}
Validation score increased.  Saving model ...
{'epoch': 5, 'loss': '1.3899'}
{'Epoch': 5, 'HIT@5': '0.0121', 'NDCG@5': '0.0080', 'HIT@10': '0.0188', 'NDCG@10': '0.0101', 'HIT@20': '0.0301', 'NDCG@20': '0.0129'}
Validation score increased.  Saving model ...
{'epoch': 6, 'loss': '1.3868'}
{'Epoch': 6, 'HIT@5': '0.0139', 'NDCG@5': '0.0089', 'HIT@10': '0.0193', 'NDCG@10': '0.0107', 'HIT@20': '0.0325', 'NDCG@20': '0.0140'}
Validation score increased.  Saving model ...
{'epoch': 7, 'loss': '1.3830'}
{'Epoch': 7, 'HIT@5': '0.0149', 'NDCG@5': '0.0096', 'HIT@10': '0.0201', 'NDCG@10': '0.0113', 'HIT@20': '0.0368', 'NDCG@20': '0.0154'}
Validation score increased.  Saving model ...
{'epoch': 8, 'loss': '1.3794'}
{'Epoch': 8, 'HIT@5': '0.0152', 'NDCG@5': '0.0103', 'HIT@10': '0.0260', 'NDCG@10': '0.0137', 'HIT@20': '0.0464', 'NDCG@20': '0.0188'}
Validation score increased.  Saving model ...
{'epoch': 9, 'loss': '1.3747'}
{'Epoch': 9, 'HIT@5': '0.0185', 'NDCG@5': '0.0129', 'HIT@10': '0.0301', 'NDCG@10': '0.0165', 'HIT@20': '0.0567', 'NDCG@20': '0.0232'}
Validation score increased.  Saving model ...
{'epoch': 10, 'loss': '1.3687'}
{'Epoch': 10, 'HIT@5': '0.0211', 'NDCG@5': '0.0157', 'HIT@10': '0.0340', 'NDCG@10': '0.0198', 'HIT@20': '0.0569', 'NDCG@20': '0.0256'}
Validation score increased.  Saving model ...
{'epoch': 11, 'loss': '1.3613'}
{'Epoch': 11, 'HIT@5': '0.0250', 'NDCG@5': '0.0174', 'HIT@10': '0.0402', 'NDCG@10': '0.0222', 'HIT@20': '0.0616', 'NDCG@20': '0.0276'}
Validation score increased.  Saving model ...
{'epoch': 12, 'loss': '1.3519'}
{'Epoch': 12, 'HIT@5': '0.0286', 'NDCG@5': '0.0197', 'HIT@10': '0.0430', 'NDCG@10': '0.0244', 'HIT@20': '0.0654', 'NDCG@20': '0.0300'}
Validation score increased.  Saving model ...
{'epoch': 13, 'loss': '1.3410'}
{'Epoch': 13, 'HIT@5': '0.0281', 'NDCG@5': '0.0195', 'HIT@10': '0.0446', 'NDCG@10': '0.0247', 'HIT@20': '0.0708', 'NDCG@20': '0.0313'}
Validation score increased.  Saving model ...
{'epoch': 14, 'loss': '1.3271'}
{'Epoch': 14, 'HIT@5': '0.0330', 'NDCG@5': '0.0220', 'HIT@10': '0.0469', 'NDCG@10': '0.0265', 'HIT@20': '0.0744', 'NDCG@20': '0.0333'}
Validation score increased.  Saving model ...
{'epoch': 15, 'loss': '1.3149'}
{'Epoch': 15, 'HIT@5': '0.0337', 'NDCG@5': '0.0232', 'HIT@10': '0.0505', 'NDCG@10': '0.0286', 'HIT@20': '0.0791', 'NDCG@20': '0.0358'}
Validation score increased.  Saving model ...
{'epoch': 16, 'loss': '1.3020'}
{'Epoch': 16, 'HIT@5': '0.0361', 'NDCG@5': '0.0254', 'HIT@10': '0.0544', 'NDCG@10': '0.0313', 'HIT@20': '0.0809', 'NDCG@20': '0.0379'}
Validation score increased.  Saving model ...
{'epoch': 17, 'loss': '1.2899'}
{'Epoch': 17, 'HIT@5': '0.0366', 'NDCG@5': '0.0255', 'HIT@10': '0.0546', 'NDCG@10': '0.0313', 'HIT@20': '0.0871', 'NDCG@20': '0.0394'}
Validation score increased.  Saving model ...
{'epoch': 18, 'loss': '1.2766'}
{'Epoch': 18, 'HIT@5': '0.0417', 'NDCG@5': '0.0284', 'HIT@10': '0.0567', 'NDCG@10': '0.0332', 'HIT@20': '0.0835', 'NDCG@20': '0.0400'}
Validation score increased.  Saving model ...
{'epoch': 19, 'loss': '1.2677'}
{'Epoch': 19, 'HIT@5': '0.0428', 'NDCG@5': '0.0299', 'HIT@10': '0.0629', 'NDCG@10': '0.0363', 'HIT@20': '0.0891', 'NDCG@20': '0.0429'}
Validation score increased.  Saving model ...
{'epoch': 20, 'loss': '1.2582'}
{'Epoch': 20, 'HIT@5': '0.0438', 'NDCG@5': '0.0292', 'HIT@10': '0.0611', 'NDCG@10': '0.0347', 'HIT@20': '0.0914', 'NDCG@20': '0.0423'}
EarlyStopping counter: 1 out of 50
{'epoch': 21, 'loss': '1.2495'}
{'Epoch': 21, 'HIT@5': '0.0425', 'NDCG@5': '0.0291', 'HIT@10': '0.0654', 'NDCG@10': '0.0365', 'HIT@20': '0.0925', 'NDCG@20': '0.0433'}
Validation score increased.  Saving model ...
{'epoch': 22, 'loss': '1.2409'}
{'Epoch': 22, 'HIT@5': '0.0443', 'NDCG@5': '0.0300', 'HIT@10': '0.0636', 'NDCG@10': '0.0362', 'HIT@20': '0.0922', 'NDCG@20': '0.0434'}
Validation score increased.  Saving model ...
{'epoch': 23, 'loss': '1.2347'}
{'Epoch': 23, 'HIT@5': '0.0453', 'NDCG@5': '0.0302', 'HIT@10': '0.0649', 'NDCG@10': '0.0365', 'HIT@20': '0.0974', 'NDCG@20': '0.0446'}
Validation score increased.  Saving model ...
{'epoch': 24, 'loss': '1.2256'}
{'Epoch': 24, 'HIT@5': '0.0428', 'NDCG@5': '0.0289', 'HIT@10': '0.0639', 'NDCG@10': '0.0357', 'HIT@20': '0.0938', 'NDCG@20': '0.0432'}
EarlyStopping counter: 1 out of 50
{'epoch': 25, 'loss': '1.2184'}
{'Epoch': 25, 'HIT@5': '0.0464', 'NDCG@5': '0.0315', 'HIT@10': '0.0677', 'NDCG@10': '0.0384', 'HIT@20': '0.0976', 'NDCG@20': '0.0459'}
Validation score increased.  Saving model ...
{'epoch': 26, 'loss': '1.2124'}
{'Epoch': 26, 'HIT@5': '0.0466', 'NDCG@5': '0.0323', 'HIT@10': '0.0716', 'NDCG@10': '0.0404', 'HIT@20': '0.1002', 'NDCG@20': '0.0475'}
Validation score increased.  Saving model ...
{'epoch': 27, 'loss': '1.2054'}
{'Epoch': 27, 'HIT@5': '0.0487', 'NDCG@5': '0.0341', 'HIT@10': '0.0732', 'NDCG@10': '0.0421', 'HIT@20': '0.1054', 'NDCG@20': '0.0500'}
Validation score increased.  Saving model ...
{'epoch': 28, 'loss': '1.1981'}
{'Epoch': 28, 'HIT@5': '0.0507', 'NDCG@5': '0.0358', 'HIT@10': '0.0760', 'NDCG@10': '0.0439', 'HIT@20': '0.1056', 'NDCG@20': '0.0514'}
Validation score increased.  Saving model ...
{'epoch': 29, 'loss': '1.1923'}
{'Epoch': 29, 'HIT@5': '0.0528', 'NDCG@5': '0.0373', 'HIT@10': '0.0768', 'NDCG@10': '0.0450', 'HIT@20': '0.1048', 'NDCG@20': '0.0520'}
Validation score increased.  Saving model ...
{'epoch': 30, 'loss': '1.1874'}
{'Epoch': 30, 'HIT@5': '0.0489', 'NDCG@5': '0.0344', 'HIT@10': '0.0739', 'NDCG@10': '0.0426', 'HIT@20': '0.1051', 'NDCG@20': '0.0504'}
EarlyStopping counter: 1 out of 50
{'epoch': 31, 'loss': '1.1820'}
{'Epoch': 31, 'HIT@5': '0.0533', 'NDCG@5': '0.0364', 'HIT@10': '0.0768', 'NDCG@10': '0.0439', 'HIT@20': '0.1113', 'NDCG@20': '0.0527'}
Validation score increased.  Saving model ...
{'epoch': 32, 'loss': '1.1740'}
{'Epoch': 32, 'HIT@5': '0.0533', 'NDCG@5': '0.0367', 'HIT@10': '0.0765', 'NDCG@10': '0.0441', 'HIT@20': '0.1110', 'NDCG@20': '0.0529'}
Validation score increased.  Saving model ...
{'epoch': 33, 'loss': '1.1676'}
{'Epoch': 33, 'HIT@5': '0.0533', 'NDCG@5': '0.0351', 'HIT@10': '0.0791', 'NDCG@10': '0.0434', 'HIT@20': '0.1113', 'NDCG@20': '0.0515'}
EarlyStopping counter: 1 out of 50
{'epoch': 34, 'loss': '1.1624'}
{'Epoch': 34, 'HIT@5': '0.0518', 'NDCG@5': '0.0350', 'HIT@10': '0.0775', 'NDCG@10': '0.0433', 'HIT@20': '0.1113', 'NDCG@20': '0.0518'}
EarlyStopping counter: 2 out of 50
{'epoch': 35, 'loss': '1.1581'}
{'Epoch': 35, 'HIT@5': '0.0526', 'NDCG@5': '0.0341', 'HIT@10': '0.0768', 'NDCG@10': '0.0419', 'HIT@20': '0.1079', 'NDCG@20': '0.0496'}
EarlyStopping counter: 3 out of 50
{'epoch': 36, 'loss': '1.1536'}
{'Epoch': 36, 'HIT@5': '0.0538', 'NDCG@5': '0.0357', 'HIT@10': '0.0814', 'NDCG@10': '0.0445', 'HIT@20': '0.1103', 'NDCG@20': '0.0519'}
EarlyStopping counter: 4 out of 50
{'epoch': 37, 'loss': '1.1473'}
{'Epoch': 37, 'HIT@5': '0.0564', 'NDCG@5': '0.0367', 'HIT@10': '0.0796', 'NDCG@10': '0.0441', 'HIT@20': '0.1095', 'NDCG@20': '0.0517'}
EarlyStopping counter: 5 out of 50
{'epoch': 38, 'loss': '1.1438'}
{'Epoch': 38, 'HIT@5': '0.0536', 'NDCG@5': '0.0353', 'HIT@10': '0.0806', 'NDCG@10': '0.0441', 'HIT@20': '0.1108', 'NDCG@20': '0.0517'}
EarlyStopping counter: 6 out of 50
{'epoch': 39, 'loss': '1.1379'}
{'Epoch': 39, 'HIT@5': '0.0572', 'NDCG@5': '0.0376', 'HIT@10': '0.0817', 'NDCG@10': '0.0455', 'HIT@20': '0.1074', 'NDCG@20': '0.0519'}
EarlyStopping counter: 7 out of 50
{'epoch': 40, 'loss': '1.1317'}
{'Epoch': 40, 'HIT@5': '0.0546', 'NDCG@5': '0.0353', 'HIT@10': '0.0786', 'NDCG@10': '0.0431', 'HIT@20': '0.1131', 'NDCG@20': '0.0517'}
EarlyStopping counter: 8 out of 50
{'epoch': 41, 'loss': '1.1275'}
{'Epoch': 41, 'HIT@5': '0.0559', 'NDCG@5': '0.0365', 'HIT@10': '0.0793', 'NDCG@10': '0.0441', 'HIT@20': '0.1077', 'NDCG@20': '0.0511'}
EarlyStopping counter: 9 out of 50
{'epoch': 42, 'loss': '1.1273'}
{'Epoch': 42, 'HIT@5': '0.0541', 'NDCG@5': '0.0376', 'HIT@10': '0.0796', 'NDCG@10': '0.0459', 'HIT@20': '0.1061', 'NDCG@20': '0.0526'}
EarlyStopping counter: 10 out of 50
{'epoch': 43, 'loss': '1.1198'}
{'Epoch': 43, 'HIT@5': '0.0541', 'NDCG@5': '0.0368', 'HIT@10': '0.0796', 'NDCG@10': '0.0451', 'HIT@20': '0.1064', 'NDCG@20': '0.0518'}
EarlyStopping counter: 11 out of 50
{'epoch': 44, 'loss': '1.1165'}
{'Epoch': 44, 'HIT@5': '0.0541', 'NDCG@5': '0.0370', 'HIT@10': '0.0829', 'NDCG@10': '0.0463', 'HIT@20': '0.1082', 'NDCG@20': '0.0526'}
EarlyStopping counter: 12 out of 50
{'epoch': 45, 'loss': '1.1114'}
{'Epoch': 45, 'HIT@5': '0.0559', 'NDCG@5': '0.0380', 'HIT@10': '0.0850', 'NDCG@10': '0.0473', 'HIT@20': '0.1103', 'NDCG@20': '0.0536'}
Validation score increased.  Saving model ...
{'epoch': 46, 'loss': '1.1087'}
{'Epoch': 46, 'HIT@5': '0.0536', 'NDCG@5': '0.0363', 'HIT@10': '0.0845', 'NDCG@10': '0.0463', 'HIT@20': '0.1118', 'NDCG@20': '0.0531'}
EarlyStopping counter: 1 out of 50
{'epoch': 47, 'loss': '1.1046'}
{'Epoch': 47, 'HIT@5': '0.0580', 'NDCG@5': '0.0378', 'HIT@10': '0.0832', 'NDCG@10': '0.0460', 'HIT@20': '0.1128', 'NDCG@20': '0.0535'}
EarlyStopping counter: 2 out of 50
{'epoch': 48, 'loss': '1.1015'}
{'Epoch': 48, 'HIT@5': '0.0592', 'NDCG@5': '0.0390', 'HIT@10': '0.0835', 'NDCG@10': '0.0469', 'HIT@20': '0.1123', 'NDCG@20': '0.0542'}
Validation score increased.  Saving model ...
{'epoch': 49, 'loss': '1.0988'}
{'Epoch': 49, 'HIT@5': '0.0567', 'NDCG@5': '0.0384', 'HIT@10': '0.0832', 'NDCG@10': '0.0471', 'HIT@20': '0.1131', 'NDCG@20': '0.0546'}
Validation score increased.  Saving model ...
{'epoch': 50, 'loss': '1.0956'}
{'Epoch': 50, 'HIT@5': '0.0608', 'NDCG@5': '0.0393', 'HIT@10': '0.0845', 'NDCG@10': '0.0468', 'HIT@20': '0.1123', 'NDCG@20': '0.0538'}
EarlyStopping counter: 1 out of 50
{'epoch': 51, 'loss': '1.0921'}
{'Epoch': 51, 'HIT@5': '0.0603', 'NDCG@5': '0.0399', 'HIT@10': '0.0863', 'NDCG@10': '0.0483', 'HIT@20': '0.1097', 'NDCG@20': '0.0542'}
EarlyStopping counter: 2 out of 50
{'epoch': 52, 'loss': '1.0893'}
{'Epoch': 52, 'HIT@5': '0.0546', 'NDCG@5': '0.0377', 'HIT@10': '0.0819', 'NDCG@10': '0.0466', 'HIT@20': '0.1105', 'NDCG@20': '0.0538'}
EarlyStopping counter: 3 out of 50
{'epoch': 53, 'loss': '1.0856'}
{'Epoch': 53, 'HIT@5': '0.0574', 'NDCG@5': '0.0396', 'HIT@10': '0.0829', 'NDCG@10': '0.0479', 'HIT@20': '0.1139', 'NDCG@20': '0.0556'}
Validation score increased.  Saving model ...
{'epoch': 54, 'loss': '1.0831'}
{'Epoch': 54, 'HIT@5': '0.0608', 'NDCG@5': '0.0418', 'HIT@10': '0.0876', 'NDCG@10': '0.0505', 'HIT@20': '0.1159', 'NDCG@20': '0.0576'}
Validation score increased.  Saving model ...
{'epoch': 55, 'loss': '1.0809'}
{'Epoch': 55, 'HIT@5': '0.0567', 'NDCG@5': '0.0398', 'HIT@10': '0.0832', 'NDCG@10': '0.0484', 'HIT@20': '0.1154', 'NDCG@20': '0.0564'}
EarlyStopping counter: 1 out of 50
{'epoch': 56, 'loss': '1.0753'}
{'Epoch': 56, 'HIT@5': '0.0572', 'NDCG@5': '0.0389', 'HIT@10': '0.0855', 'NDCG@10': '0.0479', 'HIT@20': '0.1164', 'NDCG@20': '0.0558'}
EarlyStopping counter: 2 out of 50
{'epoch': 57, 'loss': '1.0714'}
{'Epoch': 57, 'HIT@5': '0.0580', 'NDCG@5': '0.0396', 'HIT@10': '0.0835', 'NDCG@10': '0.0479', 'HIT@20': '0.1180', 'NDCG@20': '0.0566'}
EarlyStopping counter: 3 out of 50
{'epoch': 58, 'loss': '1.0690'}
{'Epoch': 58, 'HIT@5': '0.0559', 'NDCG@5': '0.0373', 'HIT@10': '0.0842', 'NDCG@10': '0.0464', 'HIT@20': '0.1175', 'NDCG@20': '0.0548'}
EarlyStopping counter: 4 out of 50
{'epoch': 59, 'loss': '1.0706'}
{'Epoch': 59, 'HIT@5': '0.0582', 'NDCG@5': '0.0401', 'HIT@10': '0.0817', 'NDCG@10': '0.0476', 'HIT@20': '0.1151', 'NDCG@20': '0.0561'}
EarlyStopping counter: 5 out of 50
{'epoch': 60, 'loss': '1.0674'}
{'Epoch': 60, 'HIT@5': '0.0556', 'NDCG@5': '0.0387', 'HIT@10': '0.0829', 'NDCG@10': '0.0476', 'HIT@20': '0.1159', 'NDCG@20': '0.0560'}
EarlyStopping counter: 6 out of 50
{'epoch': 61, 'loss': '1.0645'}
{'Epoch': 61, 'HIT@5': '0.0572', 'NDCG@5': '0.0390', 'HIT@10': '0.0827', 'NDCG@10': '0.0473', 'HIT@20': '0.1170', 'NDCG@20': '0.0560'}
EarlyStopping counter: 7 out of 50
{'epoch': 62, 'loss': '1.0613'}
{'Epoch': 62, 'HIT@5': '0.0587', 'NDCG@5': '0.0406', 'HIT@10': '0.0842', 'NDCG@10': '0.0488', 'HIT@20': '0.1172', 'NDCG@20': '0.0570'}
EarlyStopping counter: 8 out of 50
{'epoch': 63, 'loss': '1.0578'}
{'Epoch': 63, 'HIT@5': '0.0603', 'NDCG@5': '0.0402', 'HIT@10': '0.0863', 'NDCG@10': '0.0486', 'HIT@20': '0.1157', 'NDCG@20': '0.0559'}
EarlyStopping counter: 9 out of 50
{'epoch': 64, 'loss': '1.0580'}
{'Epoch': 64, 'HIT@5': '0.0603', 'NDCG@5': '0.0404', 'HIT@10': '0.0850', 'NDCG@10': '0.0484', 'HIT@20': '0.1162', 'NDCG@20': '0.0562'}
EarlyStopping counter: 10 out of 50
{'epoch': 65, 'loss': '1.0576'}
{'Epoch': 65, 'HIT@5': '0.0598', 'NDCG@5': '0.0414', 'HIT@10': '0.0848', 'NDCG@10': '0.0495', 'HIT@20': '0.1162', 'NDCG@20': '0.0575'}
EarlyStopping counter: 11 out of 50
{'epoch': 66, 'loss': '1.0546'}
{'Epoch': 66, 'HIT@5': '0.0613', 'NDCG@5': '0.0412', 'HIT@10': '0.0881', 'NDCG@10': '0.0499', 'HIT@20': '0.1170', 'NDCG@20': '0.0571'}
EarlyStopping counter: 12 out of 50
{'epoch': 67, 'loss': '1.0522'}
{'Epoch': 67, 'HIT@5': '0.0592', 'NDCG@5': '0.0390', 'HIT@10': '0.0871', 'NDCG@10': '0.0480', 'HIT@20': '0.1167', 'NDCG@20': '0.0554'}
EarlyStopping counter: 13 out of 50
{'epoch': 68, 'loss': '1.0492'}
{'Epoch': 68, 'HIT@5': '0.0580', 'NDCG@5': '0.0395', 'HIT@10': '0.0842', 'NDCG@10': '0.0479', 'HIT@20': '0.1141', 'NDCG@20': '0.0555'}
EarlyStopping counter: 14 out of 50
{'epoch': 69, 'loss': '1.0445'}
{'Epoch': 69, 'HIT@5': '0.0611', 'NDCG@5': '0.0416', 'HIT@10': '0.0871', 'NDCG@10': '0.0501', 'HIT@20': '0.1200', 'NDCG@20': '0.0583'}
Validation score increased.  Saving model ...
{'epoch': 70, 'loss': '1.0443'}
{'Epoch': 70, 'HIT@5': '0.0611', 'NDCG@5': '0.0400', 'HIT@10': '0.0873', 'NDCG@10': '0.0486', 'HIT@20': '0.1180', 'NDCG@20': '0.0563'}
EarlyStopping counter: 1 out of 50
{'epoch': 71, 'loss': '1.0419'}
{'Epoch': 71, 'HIT@5': '0.0636', 'NDCG@5': '0.0432', 'HIT@10': '0.0920', 'NDCG@10': '0.0524', 'HIT@20': '0.1200', 'NDCG@20': '0.0595'}
Validation score increased.  Saving model ...
{'epoch': 72, 'loss': '1.0425'}
{'Epoch': 72, 'HIT@5': '0.0608', 'NDCG@5': '0.0410', 'HIT@10': '0.0868', 'NDCG@10': '0.0493', 'HIT@20': '0.1203', 'NDCG@20': '0.0578'}
EarlyStopping counter: 1 out of 50
{'epoch': 73, 'loss': '1.0368'}
{'Epoch': 73, 'HIT@5': '0.0590', 'NDCG@5': '0.0390', 'HIT@10': '0.0863', 'NDCG@10': '0.0478', 'HIT@20': '0.1200', 'NDCG@20': '0.0563'}
EarlyStopping counter: 2 out of 50
{'epoch': 74, 'loss': '1.0378'}
{'Epoch': 74, 'HIT@5': '0.0603', 'NDCG@5': '0.0415', 'HIT@10': '0.0855', 'NDCG@10': '0.0496', 'HIT@20': '0.1195', 'NDCG@20': '0.0581'}
EarlyStopping counter: 3 out of 50
{'epoch': 75, 'loss': '1.0354'}
{'Epoch': 75, 'HIT@5': '0.0613', 'NDCG@5': '0.0418', 'HIT@10': '0.0871', 'NDCG@10': '0.0502', 'HIT@20': '0.1206', 'NDCG@20': '0.0586'}
EarlyStopping counter: 4 out of 50
{'epoch': 76, 'loss': '1.0327'}
{'Epoch': 76, 'HIT@5': '0.0629', 'NDCG@5': '0.0439', 'HIT@10': '0.0860', 'NDCG@10': '0.0514', 'HIT@20': '0.1216', 'NDCG@20': '0.0603'}
Validation score increased.  Saving model ...
{'epoch': 77, 'loss': '1.0329'}
{'Epoch': 77, 'HIT@5': '0.0603', 'NDCG@5': '0.0423', 'HIT@10': '0.0845', 'NDCG@10': '0.0501', 'HIT@20': '0.1193', 'NDCG@20': '0.0589'}
EarlyStopping counter: 1 out of 50
{'epoch': 78, 'loss': '1.0280'}
{'Epoch': 78, 'HIT@5': '0.0587', 'NDCG@5': '0.0412', 'HIT@10': '0.0863', 'NDCG@10': '0.0501', 'HIT@20': '0.1231', 'NDCG@20': '0.0594'}
EarlyStopping counter: 2 out of 50
{'epoch': 79, 'loss': '1.0274'}
{'Epoch': 79, 'HIT@5': '0.0590', 'NDCG@5': '0.0404', 'HIT@10': '0.0884', 'NDCG@10': '0.0498', 'HIT@20': '0.1211', 'NDCG@20': '0.0580'}
EarlyStopping counter: 3 out of 50
{'epoch': 80, 'loss': '1.0284'}
{'Epoch': 80, 'HIT@5': '0.0626', 'NDCG@5': '0.0434', 'HIT@10': '0.0873', 'NDCG@10': '0.0513', 'HIT@20': '0.1211', 'NDCG@20': '0.0598'}
EarlyStopping counter: 4 out of 50
{'epoch': 81, 'loss': '1.0279'}
{'Epoch': 81, 'HIT@5': '0.0605', 'NDCG@5': '0.0416', 'HIT@10': '0.0860', 'NDCG@10': '0.0498', 'HIT@20': '0.1190', 'NDCG@20': '0.0581'}
EarlyStopping counter: 5 out of 50
{'epoch': 82, 'loss': '1.0223'}
{'Epoch': 82, 'HIT@5': '0.0623', 'NDCG@5': '0.0421', 'HIT@10': '0.0866', 'NDCG@10': '0.0500', 'HIT@20': '0.1188', 'NDCG@20': '0.0581'}
EarlyStopping counter: 6 out of 50
{'epoch': 83, 'loss': '1.0209'}
{'Epoch': 83, 'HIT@5': '0.0631', 'NDCG@5': '0.0426', 'HIT@10': '0.0902', 'NDCG@10': '0.0513', 'HIT@20': '0.1226', 'NDCG@20': '0.0595'}
EarlyStopping counter: 7 out of 50
{'epoch': 84, 'loss': '1.0209'}
{'Epoch': 84, 'HIT@5': '0.0603', 'NDCG@5': '0.0406', 'HIT@10': '0.0894', 'NDCG@10': '0.0500', 'HIT@20': '0.1180', 'NDCG@20': '0.0572'}
EarlyStopping counter: 8 out of 50
{'epoch': 85, 'loss': '1.0182'}
{'Epoch': 85, 'HIT@5': '0.0613', 'NDCG@5': '0.0421', 'HIT@10': '0.0868', 'NDCG@10': '0.0503', 'HIT@20': '0.1185', 'NDCG@20': '0.0583'}
EarlyStopping counter: 9 out of 50
{'epoch': 86, 'loss': '1.0169'}
{'Epoch': 86, 'HIT@5': '0.0623', 'NDCG@5': '0.0416', 'HIT@10': '0.0896', 'NDCG@10': '0.0504', 'HIT@20': '0.1208', 'NDCG@20': '0.0581'}
EarlyStopping counter: 10 out of 50
{'epoch': 87, 'loss': '1.0160'}
{'Epoch': 87, 'HIT@5': '0.0649', 'NDCG@5': '0.0429', 'HIT@10': '0.0904', 'NDCG@10': '0.0511', 'HIT@20': '0.1216', 'NDCG@20': '0.0590'}
EarlyStopping counter: 11 out of 50
{'epoch': 88, 'loss': '1.0126'}
{'Epoch': 88, 'HIT@5': '0.0621', 'NDCG@5': '0.0416', 'HIT@10': '0.0907', 'NDCG@10': '0.0508', 'HIT@20': '0.1198', 'NDCG@20': '0.0581'}
EarlyStopping counter: 12 out of 50
{'epoch': 89, 'loss': '1.0124'}
{'Epoch': 89, 'HIT@5': '0.0623', 'NDCG@5': '0.0420', 'HIT@10': '0.0920', 'NDCG@10': '0.0515', 'HIT@20': '0.1193', 'NDCG@20': '0.0584'}
EarlyStopping counter: 13 out of 50
{'epoch': 90, 'loss': '1.0129'}
{'Epoch': 90, 'HIT@5': '0.0598', 'NDCG@5': '0.0402', 'HIT@10': '0.0889', 'NDCG@10': '0.0496', 'HIT@20': '0.1190', 'NDCG@20': '0.0571'}
EarlyStopping counter: 14 out of 50
{'epoch': 91, 'loss': '1.0121'}
{'Epoch': 91, 'HIT@5': '0.0618', 'NDCG@5': '0.0417', 'HIT@10': '0.0886', 'NDCG@10': '0.0504', 'HIT@20': '0.1172', 'NDCG@20': '0.0576'}
EarlyStopping counter: 15 out of 50
{'epoch': 92, 'loss': '1.0098'}
{'Epoch': 92, 'HIT@5': '0.0595', 'NDCG@5': '0.0388', 'HIT@10': '0.0876', 'NDCG@10': '0.0479', 'HIT@20': '0.1200', 'NDCG@20': '0.0560'}
EarlyStopping counter: 16 out of 50
{'epoch': 93, 'loss': '1.0089'}
{'Epoch': 93, 'HIT@5': '0.0608', 'NDCG@5': '0.0402', 'HIT@10': '0.0894', 'NDCG@10': '0.0493', 'HIT@20': '0.1190', 'NDCG@20': '0.0567'}
EarlyStopping counter: 17 out of 50
{'epoch': 94, 'loss': '1.0088'}
{'Epoch': 94, 'HIT@5': '0.0616', 'NDCG@5': '0.0407', 'HIT@10': '0.0873', 'NDCG@10': '0.0490', 'HIT@20': '0.1185', 'NDCG@20': '0.0568'}
EarlyStopping counter: 18 out of 50
{'epoch': 95, 'loss': '1.0041'}
{'Epoch': 95, 'HIT@5': '0.0623', 'NDCG@5': '0.0414', 'HIT@10': '0.0868', 'NDCG@10': '0.0492', 'HIT@20': '0.1188', 'NDCG@20': '0.0572'}
EarlyStopping counter: 19 out of 50
{'epoch': 96, 'loss': '1.0028'}
{'Epoch': 96, 'HIT@5': '0.0623', 'NDCG@5': '0.0424', 'HIT@10': '0.0858', 'NDCG@10': '0.0500', 'HIT@20': '0.1136', 'NDCG@20': '0.0571'}
EarlyStopping counter: 20 out of 50
{'epoch': 97, 'loss': '1.0066'}
{'Epoch': 97, 'HIT@5': '0.0611', 'NDCG@5': '0.0406', 'HIT@10': '0.0894', 'NDCG@10': '0.0498', 'HIT@20': '0.1180', 'NDCG@20': '0.0569'}
EarlyStopping counter: 21 out of 50
{'epoch': 98, 'loss': '0.9993'}
{'Epoch': 98, 'HIT@5': '0.0616', 'NDCG@5': '0.0423', 'HIT@10': '0.0876', 'NDCG@10': '0.0506', 'HIT@20': '0.1185', 'NDCG@20': '0.0585'}
EarlyStopping counter: 22 out of 50
{'epoch': 99, 'loss': '1.0041'}
{'Epoch': 99, 'HIT@5': '0.0644', 'NDCG@5': '0.0439', 'HIT@10': '0.0894', 'NDCG@10': '0.0519', 'HIT@20': '0.1190', 'NDCG@20': '0.0594'}
EarlyStopping counter: 23 out of 50
{'epoch': 100, 'loss': '0.9960'}
{'Epoch': 100, 'HIT@5': '0.0634', 'NDCG@5': '0.0417', 'HIT@10': '0.0940', 'NDCG@10': '0.0515', 'HIT@20': '0.1200', 'NDCG@20': '0.0580'}
EarlyStopping counter: 24 out of 50
{'epoch': 101, 'loss': '0.9963'}
{'Epoch': 101, 'HIT@5': '0.0608', 'NDCG@5': '0.0415', 'HIT@10': '0.0896', 'NDCG@10': '0.0509', 'HIT@20': '0.1177', 'NDCG@20': '0.0580'}
EarlyStopping counter: 25 out of 50
{'epoch': 102, 'loss': '1.0023'}
{'Epoch': 102, 'HIT@5': '0.0616', 'NDCG@5': '0.0419', 'HIT@10': '0.0889', 'NDCG@10': '0.0507', 'HIT@20': '0.1180', 'NDCG@20': '0.0580'}
EarlyStopping counter: 26 out of 50
{'epoch': 103, 'loss': '0.9947'}
{'Epoch': 103, 'HIT@5': '0.0623', 'NDCG@5': '0.0431', 'HIT@10': '0.0873', 'NDCG@10': '0.0511', 'HIT@20': '0.1203', 'NDCG@20': '0.0594'}
EarlyStopping counter: 27 out of 50
{'epoch': 104, 'loss': '0.9954'}
{'Epoch': 104, 'HIT@5': '0.0654', 'NDCG@5': '0.0445', 'HIT@10': '0.0886', 'NDCG@10': '0.0519', 'HIT@20': '0.1203', 'NDCG@20': '0.0599'}
EarlyStopping counter: 28 out of 50
{'epoch': 105, 'loss': '0.9928'}
{'Epoch': 105, 'HIT@5': '0.0636', 'NDCG@5': '0.0419', 'HIT@10': '0.0896', 'NDCG@10': '0.0502', 'HIT@20': '0.1224', 'NDCG@20': '0.0584'}
EarlyStopping counter: 29 out of 50
{'epoch': 106, 'loss': '0.9904'}
{'Epoch': 106, 'HIT@5': '0.0629', 'NDCG@5': '0.0421', 'HIT@10': '0.0881', 'NDCG@10': '0.0502', 'HIT@20': '0.1198', 'NDCG@20': '0.0582'}
EarlyStopping counter: 30 out of 50
{'epoch': 107, 'loss': '0.9935'}
{'Epoch': 107, 'HIT@5': '0.0616', 'NDCG@5': '0.0422', 'HIT@10': '0.0920', 'NDCG@10': '0.0519', 'HIT@20': '0.1208', 'NDCG@20': '0.0591'}
EarlyStopping counter: 31 out of 50
{'epoch': 108, 'loss': '0.9929'}
{'Epoch': 108, 'HIT@5': '0.0621', 'NDCG@5': '0.0423', 'HIT@10': '0.0899', 'NDCG@10': '0.0512', 'HIT@20': '0.1177', 'NDCG@20': '0.0583'}
EarlyStopping counter: 32 out of 50
{'epoch': 109, 'loss': '0.9904'}
{'Epoch': 109, 'HIT@5': '0.0644', 'NDCG@5': '0.0432', 'HIT@10': '0.0914', 'NDCG@10': '0.0519', 'HIT@20': '0.1193', 'NDCG@20': '0.0589'}
EarlyStopping counter: 33 out of 50
{'epoch': 110, 'loss': '0.9903'}
{'Epoch': 110, 'HIT@5': '0.0654', 'NDCG@5': '0.0442', 'HIT@10': '0.0871', 'NDCG@10': '0.0511', 'HIT@20': '0.1175', 'NDCG@20': '0.0588'}
EarlyStopping counter: 34 out of 50
{'epoch': 111, 'loss': '0.9903'}
{'Epoch': 111, 'HIT@5': '0.0647', 'NDCG@5': '0.0441', 'HIT@10': '0.0889', 'NDCG@10': '0.0520', 'HIT@20': '0.1182', 'NDCG@20': '0.0594'}
EarlyStopping counter: 35 out of 50
{'epoch': 112, 'loss': '0.9886'}
{'Epoch': 112, 'HIT@5': '0.0667', 'NDCG@5': '0.0443', 'HIT@10': '0.0884', 'NDCG@10': '0.0513', 'HIT@20': '0.1206', 'NDCG@20': '0.0594'}
EarlyStopping counter: 36 out of 50
{'epoch': 113, 'loss': '0.9882'}
{'Epoch': 113, 'HIT@5': '0.0639', 'NDCG@5': '0.0430', 'HIT@10': '0.0914', 'NDCG@10': '0.0519', 'HIT@20': '0.1216', 'NDCG@20': '0.0595'}
EarlyStopping counter: 37 out of 50
{'epoch': 114, 'loss': '0.9878'}
{'Epoch': 114, 'HIT@5': '0.0652', 'NDCG@5': '0.0437', 'HIT@10': '0.0907', 'NDCG@10': '0.0518', 'HIT@20': '0.1206', 'NDCG@20': '0.0593'}
EarlyStopping counter: 38 out of 50
{'epoch': 115, 'loss': '0.9852'}
{'Epoch': 115, 'HIT@5': '0.0652', 'NDCG@5': '0.0445', 'HIT@10': '0.0902', 'NDCG@10': '0.0525', 'HIT@20': '0.1200', 'NDCG@20': '0.0601'}
EarlyStopping counter: 39 out of 50
{'epoch': 116, 'loss': '0.9823'}
{'Epoch': 116, 'HIT@5': '0.0659', 'NDCG@5': '0.0438', 'HIT@10': '0.0904', 'NDCG@10': '0.0517', 'HIT@20': '0.1208', 'NDCG@20': '0.0594'}
EarlyStopping counter: 40 out of 50
{'epoch': 117, 'loss': '0.9828'}
{'Epoch': 117, 'HIT@5': '0.0613', 'NDCG@5': '0.0414', 'HIT@10': '0.0894', 'NDCG@10': '0.0505', 'HIT@20': '0.1190', 'NDCG@20': '0.0580'}
EarlyStopping counter: 41 out of 50
{'epoch': 118, 'loss': '0.9812'}
{'Epoch': 118, 'HIT@5': '0.0629', 'NDCG@5': '0.0424', 'HIT@10': '0.0912', 'NDCG@10': '0.0515', 'HIT@20': '0.1164', 'NDCG@20': '0.0579'}
EarlyStopping counter: 42 out of 50
{'epoch': 119, 'loss': '0.9808'}
{'Epoch': 119, 'HIT@5': '0.0629', 'NDCG@5': '0.0429', 'HIT@10': '0.0896', 'NDCG@10': '0.0515', 'HIT@20': '0.1182', 'NDCG@20': '0.0588'}
EarlyStopping counter: 43 out of 50
{'epoch': 120, 'loss': '0.9825'}
{'Epoch': 120, 'HIT@5': '0.0641', 'NDCG@5': '0.0431', 'HIT@10': '0.0891', 'NDCG@10': '0.0512', 'HIT@20': '0.1224', 'NDCG@20': '0.0595'}
EarlyStopping counter: 44 out of 50
{'epoch': 121, 'loss': '0.9821'}
{'Epoch': 121, 'HIT@5': '0.0644', 'NDCG@5': '0.0444', 'HIT@10': '0.0914', 'NDCG@10': '0.0532', 'HIT@20': '0.1211', 'NDCG@20': '0.0607'}
Validation score increased.  Saving model ...
{'epoch': 122, 'loss': '0.9782'}
{'Epoch': 122, 'HIT@5': '0.0662', 'NDCG@5': '0.0437', 'HIT@10': '0.0917', 'NDCG@10': '0.0519', 'HIT@20': '0.1208', 'NDCG@20': '0.0592'}
EarlyStopping counter: 1 out of 50
{'epoch': 123, 'loss': '0.9759'}
{'Epoch': 123, 'HIT@5': '0.0652', 'NDCG@5': '0.0444', 'HIT@10': '0.0917', 'NDCG@10': '0.0531', 'HIT@20': '0.1231', 'NDCG@20': '0.0609'}
Validation score increased.  Saving model ...
{'epoch': 124, 'loss': '0.9756'}
{'Epoch': 124, 'HIT@5': '0.0649', 'NDCG@5': '0.0433', 'HIT@10': '0.0922', 'NDCG@10': '0.0520', 'HIT@20': '0.1213', 'NDCG@20': '0.0594'}
EarlyStopping counter: 1 out of 50
{'epoch': 125, 'loss': '0.9758'}
{'Epoch': 125, 'HIT@5': '0.0636', 'NDCG@5': '0.0434', 'HIT@10': '0.0902', 'NDCG@10': '0.0518', 'HIT@20': '0.1188', 'NDCG@20': '0.0590'}
EarlyStopping counter: 2 out of 50
{'epoch': 126, 'loss': '0.9747'}
{'Epoch': 126, 'HIT@5': '0.0616', 'NDCG@5': '0.0418', 'HIT@10': '0.0891', 'NDCG@10': '0.0508', 'HIT@20': '0.1190', 'NDCG@20': '0.0583'}
EarlyStopping counter: 3 out of 50
{'epoch': 127, 'loss': '0.9763'}
{'Epoch': 127, 'HIT@5': '0.0595', 'NDCG@5': '0.0411', 'HIT@10': '0.0878', 'NDCG@10': '0.0502', 'HIT@20': '0.1193', 'NDCG@20': '0.0582'}
EarlyStopping counter: 4 out of 50
{'epoch': 128, 'loss': '0.9740'}
{'Epoch': 128, 'HIT@5': '0.0623', 'NDCG@5': '0.0427', 'HIT@10': '0.0912', 'NDCG@10': '0.0518', 'HIT@20': '0.1211', 'NDCG@20': '0.0593'}
EarlyStopping counter: 5 out of 50
{'epoch': 129, 'loss': '0.9759'}
{'Epoch': 129, 'HIT@5': '0.0616', 'NDCG@5': '0.0423', 'HIT@10': '0.0891', 'NDCG@10': '0.0512', 'HIT@20': '0.1193', 'NDCG@20': '0.0588'}
EarlyStopping counter: 6 out of 50
{'epoch': 130, 'loss': '0.9742'}
{'Epoch': 130, 'HIT@5': '0.0629', 'NDCG@5': '0.0426', 'HIT@10': '0.0891', 'NDCG@10': '0.0512', 'HIT@20': '0.1193', 'NDCG@20': '0.0587'}
EarlyStopping counter: 7 out of 50
{'epoch': 131, 'loss': '0.9717'}
{'Epoch': 131, 'HIT@5': '0.0636', 'NDCG@5': '0.0431', 'HIT@10': '0.0873', 'NDCG@10': '0.0507', 'HIT@20': '0.1198', 'NDCG@20': '0.0589'}
EarlyStopping counter: 8 out of 50
{'epoch': 132, 'loss': '0.9691'}
{'Epoch': 132, 'HIT@5': '0.0634', 'NDCG@5': '0.0436', 'HIT@10': '0.0889', 'NDCG@10': '0.0517', 'HIT@20': '0.1188', 'NDCG@20': '0.0593'}
EarlyStopping counter: 9 out of 50
{'epoch': 133, 'loss': '0.9717'}
{'Epoch': 133, 'HIT@5': '0.0659', 'NDCG@5': '0.0449', 'HIT@10': '0.0899', 'NDCG@10': '0.0526', 'HIT@20': '0.1151', 'NDCG@20': '0.0590'}
EarlyStopping counter: 10 out of 50
{'epoch': 134, 'loss': '0.9698'}
{'Epoch': 134, 'HIT@5': '0.0657', 'NDCG@5': '0.0449', 'HIT@10': '0.0904', 'NDCG@10': '0.0529', 'HIT@20': '0.1182', 'NDCG@20': '0.0600'}
EarlyStopping counter: 11 out of 50
{'epoch': 135, 'loss': '0.9702'}
{'Epoch': 135, 'HIT@5': '0.0647', 'NDCG@5': '0.0443', 'HIT@10': '0.0896', 'NDCG@10': '0.0524', 'HIT@20': '0.1211', 'NDCG@20': '0.0604'}
EarlyStopping counter: 12 out of 50
{'epoch': 136, 'loss': '0.9666'}
{'Epoch': 136, 'HIT@5': '0.0641', 'NDCG@5': '0.0435', 'HIT@10': '0.0917', 'NDCG@10': '0.0524', 'HIT@20': '0.1188', 'NDCG@20': '0.0592'}
EarlyStopping counter: 13 out of 50
{'epoch': 137, 'loss': '0.9680'}
{'Epoch': 137, 'HIT@5': '0.0621', 'NDCG@5': '0.0422', 'HIT@10': '0.0909', 'NDCG@10': '0.0516', 'HIT@20': '0.1185', 'NDCG@20': '0.0586'}
EarlyStopping counter: 14 out of 50
{'epoch': 138, 'loss': '0.9634'}
{'Epoch': 138, 'HIT@5': '0.0644', 'NDCG@5': '0.0433', 'HIT@10': '0.0907', 'NDCG@10': '0.0518', 'HIT@20': '0.1198', 'NDCG@20': '0.0592'}
EarlyStopping counter: 15 out of 50
{'epoch': 139, 'loss': '0.9676'}
{'Epoch': 139, 'HIT@5': '0.0603', 'NDCG@5': '0.0416', 'HIT@10': '0.0899', 'NDCG@10': '0.0512', 'HIT@20': '0.1190', 'NDCG@20': '0.0585'}
EarlyStopping counter: 16 out of 50
{'epoch': 140, 'loss': '0.9652'}
{'Epoch': 140, 'HIT@5': '0.0623', 'NDCG@5': '0.0427', 'HIT@10': '0.0896', 'NDCG@10': '0.0516', 'HIT@20': '0.1185', 'NDCG@20': '0.0589'}
EarlyStopping counter: 17 out of 50
{'epoch': 141, 'loss': '0.9665'}
{'Epoch': 141, 'HIT@5': '0.0641', 'NDCG@5': '0.0439', 'HIT@10': '0.0904', 'NDCG@10': '0.0524', 'HIT@20': '0.1206', 'NDCG@20': '0.0601'}
EarlyStopping counter: 18 out of 50
{'epoch': 142, 'loss': '0.9690'}
{'Epoch': 142, 'HIT@5': '0.0623', 'NDCG@5': '0.0434', 'HIT@10': '0.0891', 'NDCG@10': '0.0521', 'HIT@20': '0.1206', 'NDCG@20': '0.0600'}
EarlyStopping counter: 19 out of 50
{'epoch': 143, 'loss': '0.9648'}
{'Epoch': 143, 'HIT@5': '0.0600', 'NDCG@5': '0.0423', 'HIT@10': '0.0881', 'NDCG@10': '0.0514', 'HIT@20': '0.1221', 'NDCG@20': '0.0599'}
EarlyStopping counter: 20 out of 50
{'epoch': 144, 'loss': '0.9616'}
{'Epoch': 144, 'HIT@5': '0.0587', 'NDCG@5': '0.0410', 'HIT@10': '0.0871', 'NDCG@10': '0.0501', 'HIT@20': '0.1185', 'NDCG@20': '0.0580'}
EarlyStopping counter: 21 out of 50
{'epoch': 145, 'loss': '0.9573'}
{'Epoch': 145, 'HIT@5': '0.0631', 'NDCG@5': '0.0428', 'HIT@10': '0.0876', 'NDCG@10': '0.0506', 'HIT@20': '0.1206', 'NDCG@20': '0.0589'}
EarlyStopping counter: 22 out of 50
{'epoch': 146, 'loss': '0.9625'}
{'Epoch': 146, 'HIT@5': '0.0636', 'NDCG@5': '0.0427', 'HIT@10': '0.0907', 'NDCG@10': '0.0514', 'HIT@20': '0.1208', 'NDCG@20': '0.0590'}
EarlyStopping counter: 23 out of 50
{'epoch': 147, 'loss': '0.9618'}
{'Epoch': 147, 'HIT@5': '0.0639', 'NDCG@5': '0.0434', 'HIT@10': '0.0894', 'NDCG@10': '0.0517', 'HIT@20': '0.1216', 'NDCG@20': '0.0598'}
EarlyStopping counter: 24 out of 50
{'epoch': 148, 'loss': '0.9608'}
{'Epoch': 148, 'HIT@5': '0.0641', 'NDCG@5': '0.0434', 'HIT@10': '0.0922', 'NDCG@10': '0.0524', 'HIT@20': '0.1255', 'NDCG@20': '0.0607'}
EarlyStopping counter: 25 out of 50
{'epoch': 149, 'loss': '0.9618'}
{'Epoch': 149, 'HIT@5': '0.0611', 'NDCG@5': '0.0426', 'HIT@10': '0.0871', 'NDCG@10': '0.0509', 'HIT@20': '0.1208', 'NDCG@20': '0.0594'}
EarlyStopping counter: 26 out of 50
{'epoch': 150, 'loss': '0.9609'}
{'Epoch': 150, 'HIT@5': '0.0608', 'NDCG@5': '0.0426', 'HIT@10': '0.0873', 'NDCG@10': '0.0512', 'HIT@20': '0.1203', 'NDCG@20': '0.0596'}
EarlyStopping counter: 27 out of 50
{'epoch': 151, 'loss': '0.9591'}
{'Epoch': 151, 'HIT@5': '0.0652', 'NDCG@5': '0.0449', 'HIT@10': '0.0868', 'NDCG@10': '0.0519', 'HIT@20': '0.1182', 'NDCG@20': '0.0600'}
EarlyStopping counter: 28 out of 50
{'epoch': 152, 'loss': '0.9569'}
{'Epoch': 152, 'HIT@5': '0.0618', 'NDCG@5': '0.0425', 'HIT@10': '0.0873', 'NDCG@10': '0.0508', 'HIT@20': '0.1208', 'NDCG@20': '0.0592'}
EarlyStopping counter: 29 out of 50
{'epoch': 153, 'loss': '0.9598'}
{'Epoch': 153, 'HIT@5': '0.0636', 'NDCG@5': '0.0431', 'HIT@10': '0.0878', 'NDCG@10': '0.0509', 'HIT@20': '0.1188', 'NDCG@20': '0.0587'}
EarlyStopping counter: 30 out of 50
{'epoch': 154, 'loss': '0.9596'}
{'Epoch': 154, 'HIT@5': '0.0629', 'NDCG@5': '0.0424', 'HIT@10': '0.0868', 'NDCG@10': '0.0502', 'HIT@20': '0.1200', 'NDCG@20': '0.0585'}
EarlyStopping counter: 31 out of 50
{'epoch': 155, 'loss': '0.9578'}
{'Epoch': 155, 'HIT@5': '0.0644', 'NDCG@5': '0.0441', 'HIT@10': '0.0894', 'NDCG@10': '0.0520', 'HIT@20': '0.1234', 'NDCG@20': '0.0606'}
EarlyStopping counter: 32 out of 50
{'epoch': 156, 'loss': '0.9589'}
{'Epoch': 156, 'HIT@5': '0.0641', 'NDCG@5': '0.0443', 'HIT@10': '0.0891', 'NDCG@10': '0.0524', 'HIT@20': '0.1203', 'NDCG@20': '0.0602'}
EarlyStopping counter: 33 out of 50
{'epoch': 157, 'loss': '0.9521'}
{'Epoch': 157, 'HIT@5': '0.0641', 'NDCG@5': '0.0441', 'HIT@10': '0.0842', 'NDCG@10': '0.0506', 'HIT@20': '0.1162', 'NDCG@20': '0.0586'}
EarlyStopping counter: 34 out of 50
{'epoch': 158, 'loss': '0.9572'}
{'Epoch': 158, 'HIT@5': '0.0598', 'NDCG@5': '0.0415', 'HIT@10': '0.0868', 'NDCG@10': '0.0503', 'HIT@20': '0.1185', 'NDCG@20': '0.0583'}
EarlyStopping counter: 35 out of 50
{'epoch': 159, 'loss': '0.9544'}
{'Epoch': 159, 'HIT@5': '0.0626', 'NDCG@5': '0.0431', 'HIT@10': '0.0909', 'NDCG@10': '0.0523', 'HIT@20': '0.1177', 'NDCG@20': '0.0590'}
EarlyStopping counter: 36 out of 50
{'epoch': 160, 'loss': '0.9516'}
{'Epoch': 160, 'HIT@5': '0.0631', 'NDCG@5': '0.0428', 'HIT@10': '0.0866', 'NDCG@10': '0.0505', 'HIT@20': '0.1167', 'NDCG@20': '0.0580'}
EarlyStopping counter: 37 out of 50
{'epoch': 161, 'loss': '0.9544'}
{'Epoch': 161, 'HIT@5': '0.0621', 'NDCG@5': '0.0429', 'HIT@10': '0.0866', 'NDCG@10': '0.0509', 'HIT@20': '0.1167', 'NDCG@20': '0.0584'}
EarlyStopping counter: 38 out of 50
{'epoch': 162, 'loss': '0.9561'}
{'Epoch': 162, 'HIT@5': '0.0613', 'NDCG@5': '0.0414', 'HIT@10': '0.0886', 'NDCG@10': '0.0502', 'HIT@20': '0.1172', 'NDCG@20': '0.0574'}
EarlyStopping counter: 39 out of 50
{'epoch': 163, 'loss': '0.9540'}
{'Epoch': 163, 'HIT@5': '0.0592', 'NDCG@5': '0.0408', 'HIT@10': '0.0873', 'NDCG@10': '0.0498', 'HIT@20': '0.1172', 'NDCG@20': '0.0574'}
EarlyStopping counter: 40 out of 50
{'epoch': 164, 'loss': '0.9527'}
{'Epoch': 164, 'HIT@5': '0.0623', 'NDCG@5': '0.0429', 'HIT@10': '0.0853', 'NDCG@10': '0.0503', 'HIT@20': '0.1180', 'NDCG@20': '0.0586'}
EarlyStopping counter: 41 out of 50
{'epoch': 165, 'loss': '0.9479'}
{'Epoch': 165, 'HIT@5': '0.0623', 'NDCG@5': '0.0438', 'HIT@10': '0.0871', 'NDCG@10': '0.0518', 'HIT@20': '0.1177', 'NDCG@20': '0.0596'}
EarlyStopping counter: 42 out of 50
{'epoch': 166, 'loss': '0.9500'}
{'Epoch': 166, 'HIT@5': '0.0623', 'NDCG@5': '0.0426', 'HIT@10': '0.0894', 'NDCG@10': '0.0512', 'HIT@20': '0.1185', 'NDCG@20': '0.0586'}
EarlyStopping counter: 43 out of 50
{'epoch': 167, 'loss': '0.9532'}
{'Epoch': 167, 'HIT@5': '0.0608', 'NDCG@5': '0.0416', 'HIT@10': '0.0860', 'NDCG@10': '0.0497', 'HIT@20': '0.1172', 'NDCG@20': '0.0576'}
EarlyStopping counter: 44 out of 50
{'epoch': 168, 'loss': '0.9542'}
{'Epoch': 168, 'HIT@5': '0.0608', 'NDCG@5': '0.0420', 'HIT@10': '0.0876', 'NDCG@10': '0.0506', 'HIT@20': '0.1188', 'NDCG@20': '0.0585'}
EarlyStopping counter: 45 out of 50
{'epoch': 169, 'loss': '0.9512'}
{'Epoch': 169, 'HIT@5': '0.0623', 'NDCG@5': '0.0444', 'HIT@10': '0.0871', 'NDCG@10': '0.0523', 'HIT@20': '0.1180', 'NDCG@20': '0.0600'}
EarlyStopping counter: 46 out of 50
{'epoch': 170, 'loss': '0.9484'}
{'Epoch': 170, 'HIT@5': '0.0639', 'NDCG@5': '0.0430', 'HIT@10': '0.0876', 'NDCG@10': '0.0507', 'HIT@20': '0.1211', 'NDCG@20': '0.0591'}
EarlyStopping counter: 47 out of 50
{'epoch': 171, 'loss': '0.9508'}
{'Epoch': 171, 'HIT@5': '0.0629', 'NDCG@5': '0.0434', 'HIT@10': '0.0889', 'NDCG@10': '0.0518', 'HIT@20': '0.1182', 'NDCG@20': '0.0591'}
EarlyStopping counter: 48 out of 50
{'epoch': 172, 'loss': '0.9459'}
{'Epoch': 172, 'HIT@5': '0.0618', 'NDCG@5': '0.0430', 'HIT@10': '0.0891', 'NDCG@10': '0.0519', 'HIT@20': '0.1200', 'NDCG@20': '0.0597'}
EarlyStopping counter: 49 out of 50
{'epoch': 173, 'loss': '0.9469'}
{'Epoch': 173, 'HIT@5': '0.0605', 'NDCG@5': '0.0416', 'HIT@10': '0.0889', 'NDCG@10': '0.0508', 'HIT@20': '0.1159', 'NDCG@20': '0.0575'}
EarlyStopping counter: 50 out of 50
Early stopping
---------------Change to test_rating_matrix!-------------------
{'Epoch': 0, 'HIT@5': '0.0623', 'NDCG@5': '0.0421', 'HIT@10': '0.0834', 'NDCG@10': '0.0488', 'HIT@20': '0.1153', 'NDCG@20': '0.0568'}
SASRec-Toys_and_Games-0
{'Epoch': 0, 'HIT@5': '0.0623', 'NDCG@5': '0.0421', 'HIT@10': '0.0834', 'NDCG@10': '0.0488', 'HIT@20': '0.1153', 'NDCG@20': '0.0568'}
N_100.xlsx
